[0.363s] DEBUG:colcon:Command line arguments: ['/usr/bin/colcon', 'build', '--packages-select', 'mirs_robot_description']
[0.363s] DEBUG:colcon:Parsed command line arguments: Namespace(log_base=None, log_level=None, verb_name='build', build_base='build', install_base='install', merge_install=False, symlink_install=False, test_result_base=None, continue_on_error=False, executor='parallel', parallel_workers=4, event_handlers=None, ignore_user_meta=False, metas=['./colcon.meta'], base_paths=['.'], packages_ignore=None, packages_ignore_regex=None, paths=None, packages_up_to=None, packages_up_to_regex=None, packages_above=None, packages_above_and_dependencies=None, packages_above_depth=None, packages_select_by_dep=None, packages_skip_by_dep=None, packages_skip_up_to=None, packages_select_build_failed=False, packages_skip_build_finished=False, packages_select_test_failures=False, packages_skip_test_passed=False, packages_select=['mirs_robot_description'], packages_skip=None, packages_select_regex=None, packages_skip_regex=None, packages_start=None, packages_end=None, allow_overriding=[], cmake_args=None, cmake_target=None, cmake_target_skip_unavailable=False, cmake_clean_cache=False, cmake_clean_first=False, cmake_force_configure=False, ament_cmake_args=None, catkin_cmake_args=None, catkin_skip_building_tests=False, verb_parser=<colcon_defaults.argument_parser.defaults.DefaultArgumentsDecorator object at 0x7f3f91bb8c40>, verb_extension=<colcon_core.verb.build.BuildVerb object at 0x7f3f923a4ac0>, main=<bound method BuildVerb.main of <colcon_core.verb.build.BuildVerb object at 0x7f3f923a4ac0>>)
[0.459s] Level 1:colcon.colcon_core.package_discovery:discover_packages(colcon_meta) check parameters
[0.460s] Level 1:colcon.colcon_core.package_discovery:discover_packages(recursive) check parameters
[0.460s] Level 1:colcon.colcon_core.package_discovery:discover_packages(ignore) check parameters
[0.460s] Level 1:colcon.colcon_core.package_discovery:discover_packages(path) check parameters
[0.461s] Level 1:colcon.colcon_core.package_discovery:discover_packages(colcon_meta) discover
[0.461s] Level 1:colcon.colcon_core.package_discovery:discover_packages(recursive) discover
[0.461s] INFO:colcon.colcon_core.package_discovery:Crawling recursively for packages in '/home/chethan/Desktop/MajorProject/software/mirs'
[0.462s] Level 1:colcon.colcon_core.package_identification:_identify(.) by extensions ['ignore', 'ignore_ament_install']
[0.462s] Level 1:colcon.colcon_core.package_identification:_identify(.) by extension 'ignore'
[0.462s] Level 1:colcon.colcon_core.package_identification:_identify(.) by extension 'ignore_ament_install'
[0.463s] Level 1:colcon.colcon_core.package_identification:_identify(.) by extensions ['colcon_pkg']
[0.463s] Level 1:colcon.colcon_core.package_identification:_identify(.) by extension 'colcon_pkg'
[0.463s] Level 1:colcon.colcon_core.package_identification:_identify(.) by extensions ['colcon_meta']
[0.464s] Level 1:colcon.colcon_core.package_identification:_identify(.) by extension 'colcon_meta'
[0.464s] Level 1:colcon.colcon_core.package_identification:_identify(.) by extensions ['ros']
[0.464s] Level 1:colcon.colcon_core.package_identification:_identify(.) by extension 'ros'
[0.476s] Level 1:colcon.colcon_core.package_identification:_identify(.) by extensions ['cmake', 'python']
[0.476s] Level 1:colcon.colcon_core.package_identification:_identify(.) by extension 'cmake'
[0.477s] Level 1:colcon.colcon_core.package_identification:_identify(.) by extension 'python'
[0.477s] Level 1:colcon.colcon_core.package_identification:_identify(.) by extensions ['python_setup_py']
[0.478s] Level 1:colcon.colcon_core.package_identification:_identify(.) by extension 'python_setup_py'
[0.479s] Level 1:colcon.colcon_core.package_identification:_identify(build) by extensions ['ignore', 'ignore_ament_install']
[0.480s] Level 1:colcon.colcon_core.package_identification:_identify(build) by extension 'ignore'
[0.480s] Level 1:colcon.colcon_core.package_identification:_identify(build) ignored
[0.482s] Level 1:colcon.colcon_core.package_identification:_identify(install) by extensions ['ignore', 'ignore_ament_install']
[0.482s] Level 1:colcon.colcon_core.package_identification:_identify(install) by extension 'ignore'
[0.483s] Level 1:colcon.colcon_core.package_identification:_identify(install) ignored
[0.484s] Level 1:colcon.colcon_core.package_identification:_identify(log) by extensions ['ignore', 'ignore_ament_install']
[0.485s] Level 1:colcon.colcon_core.package_identification:_identify(log) by extension 'ignore'
[0.485s] Level 1:colcon.colcon_core.package_identification:_identify(log) ignored
[0.487s] Level 1:colcon.colcon_core.package_identification:_identify(src) by extensions ['ignore', 'ignore_ament_install']
[0.487s] Level 1:colcon.colcon_core.package_identification:_identify(src) by extension 'ignore'
[0.488s] Level 1:colcon.colcon_core.package_identification:_identify(src) by extension 'ignore_ament_install'
[0.489s] Level 1:colcon.colcon_core.package_identification:_identify(src) by extensions ['colcon_pkg']
[0.489s] Level 1:colcon.colcon_core.package_identification:_identify(src) by extension 'colcon_pkg'
[0.489s] Level 1:colcon.colcon_core.package_identification:_identify(src) by extensions ['colcon_meta']
[0.489s] Level 1:colcon.colcon_core.package_identification:_identify(src) by extension 'colcon_meta'
[0.490s] Level 1:colcon.colcon_core.package_identification:_identify(src) by extensions ['ros']
[0.490s] Level 1:colcon.colcon_core.package_identification:_identify(src) by extension 'ros'
[0.492s] Level 1:colcon.colcon_core.package_identification:_identify(src) by extensions ['cmake', 'python']
[0.492s] Level 1:colcon.colcon_core.package_identification:_identify(src) by extension 'cmake'
[0.492s] Level 1:colcon.colcon_core.package_identification:_identify(src) by extension 'python'
[0.493s] Level 1:colcon.colcon_core.package_identification:_identify(src) by extensions ['python_setup_py']
[0.493s] Level 1:colcon.colcon_core.package_identification:_identify(src) by extension 'python_setup_py'
[0.496s] Level 1:colcon.colcon_core.package_identification:_identify(src/build) by extensions ['ignore', 'ignore_ament_install']
[0.496s] Level 1:colcon.colcon_core.package_identification:_identify(src/build) by extension 'ignore'
[0.497s] Level 1:colcon.colcon_core.package_identification:_identify(src/build) ignored
[0.499s] Level 1:colcon.colcon_core.package_identification:_identify(src/install) by extensions ['ignore', 'ignore_ament_install']
[0.499s] Level 1:colcon.colcon_core.package_identification:_identify(src/install) by extension 'ignore'
[0.500s] Level 1:colcon.colcon_core.package_identification:_identify(src/install) ignored
[0.503s] Level 1:colcon.colcon_core.package_identification:_identify(src/log) by extensions ['ignore', 'ignore_ament_install']
[0.503s] Level 1:colcon.colcon_core.package_identification:_identify(src/log) by extension 'ignore'
[0.504s] Level 1:colcon.colcon_core.package_identification:_identify(src/log) ignored
[0.506s] Level 1:colcon.colcon_core.package_identification:_identify(src/mirs_controller) by extensions ['ignore', 'ignore_ament_install']
[0.507s] Level 1:colcon.colcon_core.package_identification:_identify(src/mirs_controller) by extension 'ignore'
[0.507s] Level 1:colcon.colcon_core.package_identification:_identify(src/mirs_controller) by extension 'ignore_ament_install'
[0.508s] Level 1:colcon.colcon_core.package_identification:_identify(src/mirs_controller) by extensions ['colcon_pkg']
[0.508s] Level 1:colcon.colcon_core.package_identification:_identify(src/mirs_controller) by extension 'colcon_pkg'
[0.509s] Level 1:colcon.colcon_core.package_identification:_identify(src/mirs_controller) by extensions ['colcon_meta']
[0.509s] Level 1:colcon.colcon_core.package_identification:_identify(src/mirs_controller) by extension 'colcon_meta'
[0.510s] Level 1:colcon.colcon_core.package_identification:_identify(src/mirs_controller) by extensions ['ros']
[0.510s] Level 1:colcon.colcon_core.package_identification:_identify(src/mirs_controller) by extension 'ros'
[0.520s] DEBUG:colcon.colcon_core.package_identification:Package 'src/mirs_controller' with type 'ros.ament_python' and name 'mirs_controller'
[0.523s] Level 1:colcon.colcon_core.package_identification:_identify(src/mirs_robot_description) by extensions ['ignore', 'ignore_ament_install']
[0.523s] Level 1:colcon.colcon_core.package_identification:_identify(src/mirs_robot_description) by extension 'ignore'
[0.524s] Level 1:colcon.colcon_core.package_identification:_identify(src/mirs_robot_description) by extension 'ignore_ament_install'
[0.525s] Level 1:colcon.colcon_core.package_identification:_identify(src/mirs_robot_description) by extensions ['colcon_pkg']
[0.525s] Level 1:colcon.colcon_core.package_identification:_identify(src/mirs_robot_description) by extension 'colcon_pkg'
[0.526s] Level 1:colcon.colcon_core.package_identification:_identify(src/mirs_robot_description) by extensions ['colcon_meta']
[0.526s] Level 1:colcon.colcon_core.package_identification:_identify(src/mirs_robot_description) by extension 'colcon_meta'
[0.528s] Level 1:colcon.colcon_core.package_identification:_identify(src/mirs_robot_description) by extensions ['ros']
[0.528s] Level 1:colcon.colcon_core.package_identification:_identify(src/mirs_robot_description) by extension 'ros'
[0.531s] DEBUG:colcon.colcon_core.package_identification:Package 'src/mirs_robot_description' with type 'ros.ament_cmake' and name 'mirs_robot_description'
[0.533s] Level 1:colcon.colcon_core.package_identification:_identify(src/mirs_system) by extensions ['ignore', 'ignore_ament_install']
[0.533s] Level 1:colcon.colcon_core.package_identification:_identify(src/mirs_system) by extension 'ignore'
[0.534s] Level 1:colcon.colcon_core.package_identification:_identify(src/mirs_system) by extension 'ignore_ament_install'
[0.535s] Level 1:colcon.colcon_core.package_identification:_identify(src/mirs_system) by extensions ['colcon_pkg']
[0.535s] Level 1:colcon.colcon_core.package_identification:_identify(src/mirs_system) by extension 'colcon_pkg'
[0.535s] Level 1:colcon.colcon_core.package_identification:_identify(src/mirs_system) by extensions ['colcon_meta']
[0.535s] Level 1:colcon.colcon_core.package_identification:_identify(src/mirs_system) by extension 'colcon_meta'
[0.536s] Level 1:colcon.colcon_core.package_identification:_identify(src/mirs_system) by extensions ['ros']
[0.536s] Level 1:colcon.colcon_core.package_identification:_identify(src/mirs_system) by extension 'ros'
[0.542s] DEBUG:colcon.colcon_core.package_identification:Package 'src/mirs_system' with type 'ros.ament_python' and name 'mirs_system'
[0.542s] Level 1:colcon.colcon_core.package_discovery:discover_packages(recursive) using defaults
[0.542s] Level 1:colcon.colcon_core.package_discovery:discover_packages(ignore) discover
[0.543s] Level 1:colcon.colcon_core.package_discovery:discover_packages(ignore) using defaults
[0.543s] Level 1:colcon.colcon_core.package_discovery:discover_packages(path) discover
[0.543s] Level 1:colcon.colcon_core.package_discovery:discover_packages(path) using defaults
[0.586s] INFO:colcon.colcon_core.package_selection:Skipping not selected package 'mirs_controller' in 'src/mirs_controller'
[0.586s] INFO:colcon.colcon_core.package_selection:Skipping not selected package 'mirs_system' in 'src/mirs_system'
[0.587s] Level 1:colcon.colcon_core.package_discovery:discover_packages(prefix_path) check parameters
[0.587s] Level 1:colcon.colcon_core.package_discovery:discover_packages(prefix_path) discover
[0.590s] WARNING:colcon.colcon_ros.prefix_path.ament:The path '/home/chethan/Desktop/MajorProject/software/mirs/install/mirs_robot_description' in the environment variable AMENT_PREFIX_PATH doesn't exist
[0.591s] WARNING:colcon.colcon_ros.prefix_path.catkin:The path '/home/chethan/Desktop/MajorProject/software/mirs/install/mirs_robot_description' in the environment variable CMAKE_PREFIX_PATH doesn't exist
[0.600s] DEBUG:colcon.colcon_installed_package_information.package_discovery:Found 0 installed packages in /home/chethan/Desktop/MajorProject/software/mirs/install
[0.602s] DEBUG:colcon.colcon_installed_package_information.package_discovery:Found 279 installed packages in /opt/ros/humble
[0.605s] Level 1:colcon.colcon_core.package_discovery:discover_packages(prefix_path) using defaults
[0.722s] Level 5:colcon.colcon_core.verb:set package 'mirs_robot_description' build argument 'cmake_args' from command line to 'None'
[0.722s] Level 5:colcon.colcon_core.verb:set package 'mirs_robot_description' build argument 'cmake_target' from command line to 'None'
[0.723s] Level 5:colcon.colcon_core.verb:set package 'mirs_robot_description' build argument 'cmake_target_skip_unavailable' from command line to 'False'
[0.723s] Level 5:colcon.colcon_core.verb:set package 'mirs_robot_description' build argument 'cmake_clean_cache' from command line to 'False'
[0.723s] Level 5:colcon.colcon_core.verb:set package 'mirs_robot_description' build argument 'cmake_clean_first' from command line to 'False'
[0.723s] Level 5:colcon.colcon_core.verb:set package 'mirs_robot_description' build argument 'cmake_force_configure' from command line to 'False'
[0.724s] Level 5:colcon.colcon_core.verb:set package 'mirs_robot_description' build argument 'ament_cmake_args' from command line to 'None'
[0.724s] Level 5:colcon.colcon_core.verb:set package 'mirs_robot_description' build argument 'catkin_cmake_args' from command line to 'None'
[0.724s] Level 5:colcon.colcon_core.verb:set package 'mirs_robot_description' build argument 'catkin_skip_building_tests' from command line to 'False'
[0.724s] DEBUG:colcon.colcon_core.verb:Building package 'mirs_robot_description' with the following arguments: {'ament_cmake_args': None, 'build_base': '/home/chethan/Desktop/MajorProject/software/mirs/build/mirs_robot_description', 'catkin_cmake_args': None, 'catkin_skip_building_tests': False, 'cmake_args': None, 'cmake_clean_cache': False, 'cmake_clean_first': False, 'cmake_force_configure': False, 'cmake_target': None, 'cmake_target_skip_unavailable': False, 'install_base': '/home/chethan/Desktop/MajorProject/software/mirs/install/mirs_robot_description', 'merge_install': False, 'path': '/home/chethan/Desktop/MajorProject/software/mirs/src/mirs_robot_description', 'symlink_install': False, 'test_result_base': None}
[0.725s] INFO:colcon.colcon_core.executor:Executing jobs using 'parallel' executor
[0.728s] DEBUG:colcon.colcon_parallel_executor.executor.parallel:run_until_complete
[0.737s] INFO:colcon.colcon_ros.task.ament_cmake.build:Building ROS package in '/home/chethan/Desktop/MajorProject/software/mirs/src/mirs_robot_description' with build type 'ament_cmake'
[0.737s] INFO:colcon.colcon_cmake.task.cmake.build:Building CMake package in '/home/chethan/Desktop/MajorProject/software/mirs/src/mirs_robot_description'
[0.745s] INFO:colcon.colcon_core.plugin_system:Skipping extension 'colcon_core.shell.bat': Not used on non-Windows systems
[0.746s] INFO:colcon.colcon_core.shell:Skip shell extension 'powershell' for command environment: Not usable outside of PowerShell
[0.746s] DEBUG:colcon.colcon_core.shell:Skip shell extension 'dsv' for command environment
[0.859s] DEBUG:colcon.colcon_core.event_handler.log_command:Invoking command in '/home/chethan/Desktop/MajorProject/software/mirs/build/mirs_robot_description': CMAKE_PREFIX_PATH=${CMAKE_PREFIX_PATH}:/opt/ros/humble /usr/bin/cmake /home/chethan/Desktop/MajorProject/software/mirs/src/mirs_robot_description -DCMAKE_INSTALL_PREFIX=/home/chethan/Desktop/MajorProject/software/mirs/install/mirs_robot_description
[8.508s] DEBUG:colcon.colcon_core.event_handler.log_command:Invoked command in '/home/chethan/Desktop/MajorProject/software/mirs/build/mirs_robot_description' returned '0': CMAKE_PREFIX_PATH=${CMAKE_PREFIX_PATH}:/opt/ros/humble /usr/bin/cmake /home/chethan/Desktop/MajorProject/software/mirs/src/mirs_robot_description -DCMAKE_INSTALL_PREFIX=/home/chethan/Desktop/MajorProject/software/mirs/install/mirs_robot_description
[8.533s] DEBUG:colcon.colcon_core.event_handler.log_command:Invoking command in '/home/chethan/Desktop/MajorProject/software/mirs/build/mirs_robot_description': CMAKE_PREFIX_PATH=${CMAKE_PREFIX_PATH}:/opt/ros/humble /usr/bin/cmake --build /home/chethan/Desktop/MajorProject/software/mirs/build/mirs_robot_description -- -j4 -l4
[8.693s] DEBUG:colcon.colcon_core.event_handler.log_command:Invoked command in '/home/chethan/Desktop/MajorProject/software/mirs/build/mirs_robot_description' returned '0': CMAKE_PREFIX_PATH=${CMAKE_PREFIX_PATH}:/opt/ros/humble /usr/bin/cmake --build /home/chethan/Desktop/MajorProject/software/mirs/build/mirs_robot_description -- -j4 -l4
[8.836s] DEBUG:colcon.colcon_core.event_handler.log_command:Invoking command in '/home/chethan/Desktop/MajorProject/software/mirs/build/mirs_robot_description': CMAKE_PREFIX_PATH=${CMAKE_PREFIX_PATH}:/opt/ros/humble /usr/bin/cmake --install /home/chethan/Desktop/MajorProject/software/mirs/build/mirs_robot_description
[11.254s] Level 1:colcon.colcon_core.environment:create_environment_scripts_only(mirs_robot_description)
[11.273s] DEBUG:colcon.colcon_core.event_handler.log_command:Invoked command in '/home/chethan/Desktop/MajorProject/software/mirs/build/mirs_robot_description' returned '0': CMAKE_PREFIX_PATH=${CMAKE_PREFIX_PATH}:/opt/ros/humble /usr/bin/cmake --install /home/chethan/Desktop/MajorProject/software/mirs/build/mirs_robot_description
[11.277s] Level 1:colcon.colcon_core.environment:checking '/home/chethan/Desktop/MajorProject/software/mirs/install/mirs_robot_description' for CMake module files
[11.312s] Level 1:colcon.colcon_core.environment:checking '/home/chethan/Desktop/MajorProject/software/mirs/install/mirs_robot_description' for CMake config files
[11.331s] Level 1:colcon.colcon_core.shell:create_environment_hook('mirs_robot_description', 'cmake_prefix_path')
[11.333s] INFO:colcon.colcon_core.shell:Creating environment hook '/home/chethan/Desktop/MajorProject/software/mirs/install/mirs_robot_description/share/mirs_robot_description/hook/cmake_prefix_path.ps1'
[11.339s] INFO:colcon.colcon_core.shell:Creating environment descriptor '/home/chethan/Desktop/MajorProject/software/mirs/install/mirs_robot_description/share/mirs_robot_description/hook/cmake_prefix_path.dsv'
[11.354s] INFO:colcon.colcon_core.shell:Creating environment hook '/home/chethan/Desktop/MajorProject/software/mirs/install/mirs_robot_description/share/mirs_robot_description/hook/cmake_prefix_path.sh'
[11.385s] Level 1:colcon.colcon_core.environment:checking '/home/chethan/Desktop/MajorProject/software/mirs/install/mirs_robot_description/bin'
[11.385s] Level 1:colcon.colcon_core.environment:checking '/home/chethan/Desktop/MajorProject/software/mirs/install/mirs_robot_description/lib/pkgconfig/mirs_robot_description.pc'
[11.386s] Level 1:colcon.colcon_core.environment:checking '/home/chethan/Desktop/MajorProject/software/mirs/install/mirs_robot_description/lib/python3.10/site-packages'
[11.387s] Level 1:colcon.colcon_core.environment:checking '/home/chethan/Desktop/MajorProject/software/mirs/install/mirs_robot_description/bin'
[11.390s] INFO:colcon.colcon_core.shell:Creating package script '/home/chethan/Desktop/MajorProject/software/mirs/install/mirs_robot_description/share/mirs_robot_description/package.ps1'
[11.399s] INFO:colcon.colcon_core.shell:Creating package descriptor '/home/chethan/Desktop/MajorProject/software/mirs/install/mirs_robot_description/share/mirs_robot_description/package.dsv'
[11.407s] INFO:colcon.colcon_core.shell:Creating package script '/home/chethan/Desktop/MajorProject/software/mirs/install/mirs_robot_description/share/mirs_robot_description/package.sh'
[11.415s] INFO:colcon.colcon_core.shell:Creating package script '/home/chethan/Desktop/MajorProject/software/mirs/install/mirs_robot_description/share/mirs_robot_description/package.bash'
[11.426s] INFO:colcon.colcon_core.shell:Creating package script '/home/chethan/Desktop/MajorProject/software/mirs/install/mirs_robot_description/share/mirs_robot_description/package.zsh'
[11.449s] Level 1:colcon.colcon_core.environment:create_file_with_runtime_dependencies(/home/chethan/Desktop/MajorProject/software/mirs/install/mirs_robot_description/share/colcon-core/packages/mirs_robot_description)
[11.505s] Level 1:colcon.colcon_core.environment:create_environment_scripts_only(mirs_robot_description)
[11.509s] Level 1:colcon.colcon_core.environment:checking '/home/chethan/Desktop/MajorProject/software/mirs/install/mirs_robot_description' for CMake module files
[11.553s] Level 1:colcon.colcon_core.environment:checking '/home/chethan/Desktop/MajorProject/software/mirs/install/mirs_robot_description' for CMake config files
[11.586s] Level 1:colcon.colcon_core.shell:create_environment_hook('mirs_robot_description', 'cmake_prefix_path')
[11.588s] INFO:colcon.colcon_core.shell:Creating environment hook '/home/chethan/Desktop/MajorProject/software/mirs/install/mirs_robot_description/share/mirs_robot_description/hook/cmake_prefix_path.ps1'
[11.594s] INFO:colcon.colcon_core.shell:Creating environment descriptor '/home/chethan/Desktop/MajorProject/software/mirs/install/mirs_robot_description/share/mirs_robot_description/hook/cmake_prefix_path.dsv'
[11.601s] INFO:colcon.colcon_core.shell:Creating environment hook '/home/chethan/Desktop/MajorProject/software/mirs/install/mirs_robot_description/share/mirs_robot_description/hook/cmake_prefix_path.sh'
[11.611s] Level 1:colcon.colcon_core.environment:checking '/home/chethan/Desktop/MajorProject/software/mirs/install/mirs_robot_description/bin'
[11.612s] Level 1:colcon.colcon_core.environment:checking '/home/chethan/Desktop/MajorProject/software/mirs/install/mirs_robot_description/lib/pkgconfig/mirs_robot_description.pc'
[11.613s] Level 1:colcon.colcon_core.environment:checking '/home/chethan/Desktop/MajorProject/software/mirs/install/mirs_robot_description/lib/python3.10/site-packages'
[11.614s] Level 1:colcon.colcon_core.environment:checking '/home/chethan/Desktop/MajorProject/software/mirs/install/mirs_robot_description/bin'
[11.615s] INFO:colcon.colcon_core.shell:Creating package script '/home/chethan/Desktop/MajorProject/software/mirs/install/mirs_robot_description/share/mirs_robot_description/package.ps1'
[11.624s] INFO:colcon.colcon_core.shell:Creating package descriptor '/home/chethan/Desktop/MajorProject/software/mirs/install/mirs_robot_description/share/mirs_robot_description/package.dsv'
[11.631s] INFO:colcon.colcon_core.shell:Creating package script '/home/chethan/Desktop/MajorProject/software/mirs/install/mirs_robot_description/share/mirs_robot_description/package.sh'
[11.636s] INFO:colcon.colcon_core.shell:Creating package script '/home/chethan/Desktop/MajorProject/software/mirs/install/mirs_robot_description/share/mirs_robot_description/package.bash'
[11.642s] INFO:colcon.colcon_core.shell:Creating package script '/home/chethan/Desktop/MajorProject/software/mirs/install/mirs_robot_description/share/mirs_robot_description/package.zsh'
[11.648s] Level 1:colcon.colcon_core.environment:create_file_with_runtime_dependencies(/home/chethan/Desktop/MajorProject/software/mirs/install/mirs_robot_description/share/colcon-core/packages/mirs_robot_description)
[11.660s] DEBUG:colcon.colcon_parallel_executor.executor.parallel:closing loop
[11.661s] DEBUG:colcon.colcon_parallel_executor.executor.parallel:loop closed
[11.661s] DEBUG:colcon.colcon_parallel_executor.executor.parallel:run_until_complete finished with '0'
[11.662s] DEBUG:colcon.colcon_core.event_reactor:joining thread
[11.687s] INFO:colcon.colcon_core.plugin_system:Skipping extension 'colcon_notification.desktop_notification.terminal_notifier': Not used on non-Darwin systems
[11.688s] INFO:colcon.colcon_core.plugin_system:Skipping extension 'colcon_notification.desktop_notification.win32': Not used on non-Windows systems
[11.688s] INFO:colcon.colcon_notification.desktop_notification:Sending desktop notification using 'notify2'
[11.703s] DEBUG:colcon.colcon_core.event_reactor:joined thread
[11.706s] INFO:colcon.colcon_core.shell:Creating prefix script '/home/chethan/Desktop/MajorProject/software/mirs/install/local_setup.ps1'
[11.727s] INFO:colcon.colcon_core.shell:Creating prefix util module '/home/chethan/Desktop/MajorProject/software/mirs/install/_local_setup_util_ps1.py'
[11.735s] INFO:colcon.colcon_core.shell:Creating prefix chain script '/home/chethan/Desktop/MajorProject/software/mirs/install/setup.ps1'
[11.754s] INFO:colcon.colcon_core.shell:Creating prefix script '/home/chethan/Desktop/MajorProject/software/mirs/install/local_setup.sh'
[11.765s] INFO:colcon.colcon_core.shell:Creating prefix util module '/home/chethan/Desktop/MajorProject/software/mirs/install/_local_setup_util_sh.py'
[11.771s] INFO:colcon.colcon_core.shell:Creating prefix chain script '/home/chethan/Desktop/MajorProject/software/mirs/install/setup.sh'
[11.784s] INFO:colcon.colcon_core.shell:Creating prefix script '/home/chethan/Desktop/MajorProject/software/mirs/install/local_setup.bash'
[11.790s] INFO:colcon.colcon_core.shell:Creating prefix chain script '/home/chethan/Desktop/MajorProject/software/mirs/install/setup.bash'
[11.802s] INFO:colcon.colcon_core.shell:Creating prefix script '/home/chethan/Desktop/MajorProject/software/mirs/install/local_setup.zsh'
[11.808s] INFO:colcon.colcon_core.shell:Creating prefix chain script '/home/chethan/Desktop/MajorProject/software/mirs/install/setup.zsh'
