[0.315s] DEBUG:colcon:Command line arguments: ['/usr/bin/colcon', 'build', '--packages-select', 'mirs_robot_description']
[0.316s] DEBUG:colcon:Parsed command line arguments: Namespace(log_base=None, log_level=None, verb_name='build', build_base='build', install_base='install', merge_install=False, symlink_install=False, test_result_base=None, continue_on_error=False, executor='parallel', parallel_workers=4, event_handlers=None, ignore_user_meta=False, metas=['./colcon.meta'], base_paths=['.'], packages_ignore=None, packages_ignore_regex=None, paths=None, packages_up_to=None, packages_up_to_regex=None, packages_above=None, packages_above_and_dependencies=None, packages_above_depth=None, packages_select_by_dep=None, packages_skip_by_dep=None, packages_skip_up_to=None, packages_select_build_failed=False, packages_skip_build_finished=False, packages_select_test_failures=False, packages_skip_test_passed=False, packages_select=['mirs_robot_description'], packages_skip=None, packages_select_regex=None, packages_skip_regex=None, packages_start=None, packages_end=None, allow_overriding=[], cmake_args=None, cmake_target=None, cmake_target_skip_unavailable=False, cmake_clean_cache=False, cmake_clean_first=False, cmake_force_configure=False, ament_cmake_args=None, catkin_cmake_args=None, catkin_skip_building_tests=False, verb_parser=<colcon_defaults.argument_parser.defaults.DefaultArgumentsDecorator object at 0x7fcc090e4bb0>, verb_extension=<colcon_core.verb.build.BuildVerb object at 0x7fcc0988acb0>, main=<bound method BuildVerb.main of <colcon_core.verb.build.BuildVerb object at 0x7fcc0988acb0>>)
[0.396s] Level 1:colcon.colcon_core.package_discovery:discover_packages(colcon_meta) check parameters
[0.397s] Level 1:colcon.colcon_core.package_discovery:discover_packages(recursive) check parameters
[0.397s] Level 1:colcon.colcon_core.package_discovery:discover_packages(ignore) check parameters
[0.397s] Level 1:colcon.colcon_core.package_discovery:discover_packages(path) check parameters
[0.397s] Level 1:colcon.colcon_core.package_discovery:discover_packages(colcon_meta) discover
[0.398s] Level 1:colcon.colcon_core.package_discovery:discover_packages(recursive) discover
[0.398s] INFO:colcon.colcon_core.package_discovery:Crawling recursively for packages in '/home/chethan/Desktop/MajorProject/software/mirs/src'
[0.399s] Level 1:colcon.colcon_core.package_identification:_identify(.) by extensions ['ignore', 'ignore_ament_install']
[0.399s] Level 1:colcon.colcon_core.package_identification:_identify(.) by extension 'ignore'
[0.399s] Level 1:colcon.colcon_core.package_identification:_identify(.) by extension 'ignore_ament_install'
[0.400s] Level 1:colcon.colcon_core.package_identification:_identify(.) by extensions ['colcon_pkg']
[0.400s] Level 1:colcon.colcon_core.package_identification:_identify(.) by extension 'colcon_pkg'
[0.400s] Level 1:colcon.colcon_core.package_identification:_identify(.) by extensions ['colcon_meta']
[0.400s] Level 1:colcon.colcon_core.package_identification:_identify(.) by extension 'colcon_meta'
[0.400s] Level 1:colcon.colcon_core.package_identification:_identify(.) by extensions ['ros']
[0.401s] Level 1:colcon.colcon_core.package_identification:_identify(.) by extension 'ros'
[0.413s] Level 1:colcon.colcon_core.package_identification:_identify(.) by extensions ['cmake', 'python']
[0.413s] Level 1:colcon.colcon_core.package_identification:_identify(.) by extension 'cmake'
[0.413s] Level 1:colcon.colcon_core.package_identification:_identify(.) by extension 'python'
[0.414s] Level 1:colcon.colcon_core.package_identification:_identify(.) by extensions ['python_setup_py']
[0.414s] Level 1:colcon.colcon_core.package_identification:_identify(.) by extension 'python_setup_py'
[0.415s] Level 1:colcon.colcon_core.package_identification:_identify(build) by extensions ['ignore', 'ignore_ament_install']
[0.416s] Level 1:colcon.colcon_core.package_identification:_identify(build) by extension 'ignore'
[0.416s] Level 1:colcon.colcon_core.package_identification:_identify(build) ignored
[0.418s] Level 1:colcon.colcon_core.package_identification:_identify(install) by extensions ['ignore', 'ignore_ament_install']
[0.418s] Level 1:colcon.colcon_core.package_identification:_identify(install) by extension 'ignore'
[0.419s] Level 1:colcon.colcon_core.package_identification:_identify(install) ignored
[0.420s] Level 1:colcon.colcon_core.package_identification:_identify(log) by extensions ['ignore', 'ignore_ament_install']
[0.420s] Level 1:colcon.colcon_core.package_identification:_identify(log) by extension 'ignore'
[0.421s] Level 1:colcon.colcon_core.package_identification:_identify(log) ignored
[0.423s] Level 1:colcon.colcon_core.package_identification:_identify(mirs_controller) by extensions ['ignore', 'ignore_ament_install']
[0.423s] Level 1:colcon.colcon_core.package_identification:_identify(mirs_controller) by extension 'ignore'
[0.423s] Level 1:colcon.colcon_core.package_identification:_identify(mirs_controller) by extension 'ignore_ament_install'
[0.424s] Level 1:colcon.colcon_core.package_identification:_identify(mirs_controller) by extensions ['colcon_pkg']
[0.424s] Level 1:colcon.colcon_core.package_identification:_identify(mirs_controller) by extension 'colcon_pkg'
[0.425s] Level 1:colcon.colcon_core.package_identification:_identify(mirs_controller) by extensions ['colcon_meta']
[0.425s] Level 1:colcon.colcon_core.package_identification:_identify(mirs_controller) by extension 'colcon_meta'
[0.425s] Level 1:colcon.colcon_core.package_identification:_identify(mirs_controller) by extensions ['ros']
[0.426s] Level 1:colcon.colcon_core.package_identification:_identify(mirs_controller) by extension 'ros'
[0.432s] DEBUG:colcon.colcon_core.package_identification:Package 'mirs_controller' with type 'ros.ament_python' and name 'mirs_controller'
[0.434s] Level 1:colcon.colcon_core.package_identification:_identify(mirs_robot_description) by extensions ['ignore', 'ignore_ament_install']
[0.434s] Level 1:colcon.colcon_core.package_identification:_identify(mirs_robot_description) by extension 'ignore'
[0.435s] Level 1:colcon.colcon_core.package_identification:_identify(mirs_robot_description) by extension 'ignore_ament_install'
[0.435s] Level 1:colcon.colcon_core.package_identification:_identify(mirs_robot_description) by extensions ['colcon_pkg']
[0.436s] Level 1:colcon.colcon_core.package_identification:_identify(mirs_robot_description) by extension 'colcon_pkg'
[0.436s] Level 1:colcon.colcon_core.package_identification:_identify(mirs_robot_description) by extensions ['colcon_meta']
[0.436s] Level 1:colcon.colcon_core.package_identification:_identify(mirs_robot_description) by extension 'colcon_meta'
[0.437s] Level 1:colcon.colcon_core.package_identification:_identify(mirs_robot_description) by extensions ['ros']
[0.437s] Level 1:colcon.colcon_core.package_identification:_identify(mirs_robot_description) by extension 'ros'
[0.441s] DEBUG:colcon.colcon_core.package_identification:Package 'mirs_robot_description' with type 'ros.ament_cmake' and name 'mirs_robot_description'
[0.443s] Level 1:colcon.colcon_core.package_identification:_identify(mirs_system) by extensions ['ignore', 'ignore_ament_install']
[0.443s] Level 1:colcon.colcon_core.package_identification:_identify(mirs_system) by extension 'ignore'
[0.443s] Level 1:colcon.colcon_core.package_identification:_identify(mirs_system) by extension 'ignore_ament_install'
[0.444s] Level 1:colcon.colcon_core.package_identification:_identify(mirs_system) by extensions ['colcon_pkg']
[0.444s] Level 1:colcon.colcon_core.package_identification:_identify(mirs_system) by extension 'colcon_pkg'
[0.445s] Level 1:colcon.colcon_core.package_identification:_identify(mirs_system) by extensions ['colcon_meta']
[0.445s] Level 1:colcon.colcon_core.package_identification:_identify(mirs_system) by extension 'colcon_meta'
[0.445s] Level 1:colcon.colcon_core.package_identification:_identify(mirs_system) by extensions ['ros']
[0.446s] Level 1:colcon.colcon_core.package_identification:_identify(mirs_system) by extension 'ros'
[0.451s] DEBUG:colcon.colcon_core.package_identification:Package 'mirs_system' with type 'ros.ament_python' and name 'mirs_system'
[0.451s] Level 1:colcon.colcon_core.package_discovery:discover_packages(recursive) using defaults
[0.451s] Level 1:colcon.colcon_core.package_discovery:discover_packages(ignore) discover
[0.452s] Level 1:colcon.colcon_core.package_discovery:discover_packages(ignore) using defaults
[0.452s] Level 1:colcon.colcon_core.package_discovery:discover_packages(path) discover
[0.452s] Level 1:colcon.colcon_core.package_discovery:discover_packages(path) using defaults
[0.481s] INFO:colcon.colcon_core.package_selection:Skipping not selected package 'mirs_controller' in 'mirs_controller'
[0.482s] INFO:colcon.colcon_core.package_selection:Skipping not selected package 'mirs_system' in 'mirs_system'
[0.482s] Level 1:colcon.colcon_core.package_discovery:discover_packages(prefix_path) check parameters
[0.483s] Level 1:colcon.colcon_core.package_discovery:discover_packages(prefix_path) discover
[0.486s] DEBUG:colcon.colcon_installed_package_information.package_discovery:Found 279 installed packages in /opt/ros/humble
[0.487s] Level 1:colcon.colcon_core.package_discovery:discover_packages(prefix_path) using defaults
[0.568s] Level 5:colcon.colcon_core.verb:set package 'mirs_robot_description' build argument 'cmake_args' from command line to 'None'
[0.569s] Level 5:colcon.colcon_core.verb:set package 'mirs_robot_description' build argument 'cmake_target' from command line to 'None'
[0.569s] Level 5:colcon.colcon_core.verb:set package 'mirs_robot_description' build argument 'cmake_target_skip_unavailable' from command line to 'False'
[0.569s] Level 5:colcon.colcon_core.verb:set package 'mirs_robot_description' build argument 'cmake_clean_cache' from command line to 'False'
[0.569s] Level 5:colcon.colcon_core.verb:set package 'mirs_robot_description' build argument 'cmake_clean_first' from command line to 'False'
[0.569s] Level 5:colcon.colcon_core.verb:set package 'mirs_robot_description' build argument 'cmake_force_configure' from command line to 'False'
[0.569s] Level 5:colcon.colcon_core.verb:set package 'mirs_robot_description' build argument 'ament_cmake_args' from command line to 'None'
[0.570s] Level 5:colcon.colcon_core.verb:set package 'mirs_robot_description' build argument 'catkin_cmake_args' from command line to 'None'
[0.570s] Level 5:colcon.colcon_core.verb:set package 'mirs_robot_description' build argument 'catkin_skip_building_tests' from command line to 'False'
[0.570s] DEBUG:colcon.colcon_core.verb:Building package 'mirs_robot_description' with the following arguments: {'ament_cmake_args': None, 'build_base': '/home/chethan/Desktop/MajorProject/software/mirs/src/build/mirs_robot_description', 'catkin_cmake_args': None, 'catkin_skip_building_tests': False, 'cmake_args': None, 'cmake_clean_cache': False, 'cmake_clean_first': False, 'cmake_force_configure': False, 'cmake_target': None, 'cmake_target_skip_unavailable': False, 'install_base': '/home/chethan/Desktop/MajorProject/software/mirs/src/install/mirs_robot_description', 'merge_install': False, 'path': '/home/chethan/Desktop/MajorProject/software/mirs/src/mirs_robot_description', 'symlink_install': False, 'test_result_base': None}
[0.571s] INFO:colcon.colcon_core.executor:Executing jobs using 'parallel' executor
[0.575s] DEBUG:colcon.colcon_parallel_executor.executor.parallel:run_until_complete
[0.576s] INFO:colcon.colcon_ros.task.ament_cmake.build:Building ROS package in '/home/chethan/Desktop/MajorProject/software/mirs/src/mirs_robot_description' with build type 'ament_cmake'
[0.577s] INFO:colcon.colcon_cmake.task.cmake.build:Building CMake package in '/home/chethan/Desktop/MajorProject/software/mirs/src/mirs_robot_description'
[0.584s] INFO:colcon.colcon_core.plugin_system:Skipping extension 'colcon_core.shell.bat': Not used on non-Windows systems
[0.584s] INFO:colcon.colcon_core.shell:Skip shell extension 'powershell' for command environment: Not usable outside of PowerShell
[0.584s] DEBUG:colcon.colcon_core.shell:Skip shell extension 'dsv' for command environment
[0.649s] DEBUG:colcon.colcon_core.event_handler.log_command:Invoking command in '/home/chethan/Desktop/MajorProject/software/mirs/src/build/mirs_robot_description': CMAKE_PREFIX_PATH=/opt/ros/humble /usr/bin/cmake /home/chethan/Desktop/MajorProject/software/mirs/src/mirs_robot_description -DCMAKE_INSTALL_PREFIX=/home/chethan/Desktop/MajorProject/software/mirs/src/install/mirs_robot_description
[9.184s] DEBUG:colcon.colcon_core.event_handler.log_command:Invoked command in '/home/chethan/Desktop/MajorProject/software/mirs/src/build/mirs_robot_description' returned '0': CMAKE_PREFIX_PATH=/opt/ros/humble /usr/bin/cmake /home/chethan/Desktop/MajorProject/software/mirs/src/mirs_robot_description -DCMAKE_INSTALL_PREFIX=/home/chethan/Desktop/MajorProject/software/mirs/src/install/mirs_robot_description
[9.209s] DEBUG:colcon.colcon_core.event_handler.log_command:Invoking command in '/home/chethan/Desktop/MajorProject/software/mirs/src/build/mirs_robot_description': CMAKE_PREFIX_PATH=/opt/ros/humble /usr/bin/cmake --build /home/chethan/Desktop/MajorProject/software/mirs/src/build/mirs_robot_description -- -j4 -l4
[9.507s] DEBUG:colcon.colcon_core.event_handler.log_command:Invoked command in '/home/chethan/Desktop/MajorProject/software/mirs/src/build/mirs_robot_description' returned '0': CMAKE_PREFIX_PATH=/opt/ros/humble /usr/bin/cmake --build /home/chethan/Desktop/MajorProject/software/mirs/src/build/mirs_robot_description -- -j4 -l4
[9.666s] DEBUG:colcon.colcon_core.event_handler.log_command:Invoking command in '/home/chethan/Desktop/MajorProject/software/mirs/src/build/mirs_robot_description': CMAKE_PREFIX_PATH=/opt/ros/humble /usr/bin/cmake --install /home/chethan/Desktop/MajorProject/software/mirs/src/build/mirs_robot_description
[12.949s] Level 1:colcon.colcon_core.environment:create_environment_scripts_only(mirs_robot_description)
[12.953s] DEBUG:colcon.colcon_core.event_handler.log_command:Invoked command in '/home/chethan/Desktop/MajorProject/software/mirs/src/build/mirs_robot_description' returned '0': CMAKE_PREFIX_PATH=/opt/ros/humble /usr/bin/cmake --install /home/chethan/Desktop/MajorProject/software/mirs/src/build/mirs_robot_description
[12.957s] Level 1:colcon.colcon_core.environment:checking '/home/chethan/Desktop/MajorProject/software/mirs/src/install/mirs_robot_description' for CMake module files
[13.005s] Level 1:colcon.colcon_core.environment:checking '/home/chethan/Desktop/MajorProject/software/mirs/src/install/mirs_robot_description' for CMake config files
[13.044s] Level 1:colcon.colcon_core.shell:create_environment_hook('mirs_robot_description', 'cmake_prefix_path')
[13.045s] INFO:colcon.colcon_core.shell:Creating environment hook '/home/chethan/Desktop/MajorProject/software/mirs/src/install/mirs_robot_description/share/mirs_robot_description/hook/cmake_prefix_path.ps1'
[13.066s] INFO:colcon.colcon_core.shell:Creating environment descriptor '/home/chethan/Desktop/MajorProject/software/mirs/src/install/mirs_robot_description/share/mirs_robot_description/hook/cmake_prefix_path.dsv'
[13.072s] INFO:colcon.colcon_core.shell:Creating environment hook '/home/chethan/Desktop/MajorProject/software/mirs/src/install/mirs_robot_description/share/mirs_robot_description/hook/cmake_prefix_path.sh'
[13.082s] Level 1:colcon.colcon_core.environment:checking '/home/chethan/Desktop/MajorProject/software/mirs/src/install/mirs_robot_description/bin'
[13.083s] Level 1:colcon.colcon_core.environment:checking '/home/chethan/Desktop/MajorProject/software/mirs/src/install/mirs_robot_description/lib/pkgconfig/mirs_robot_description.pc'
[13.084s] Level 1:colcon.colcon_core.environment:checking '/home/chethan/Desktop/MajorProject/software/mirs/src/install/mirs_robot_description/lib/python3.10/site-packages'
[13.086s] Level 1:colcon.colcon_core.environment:checking '/home/chethan/Desktop/MajorProject/software/mirs/src/install/mirs_robot_description/bin'
[13.091s] INFO:colcon.colcon_core.shell:Creating package script '/home/chethan/Desktop/MajorProject/software/mirs/src/install/mirs_robot_description/share/mirs_robot_description/package.ps1'
[13.099s] INFO:colcon.colcon_core.shell:Creating package descriptor '/home/chethan/Desktop/MajorProject/software/mirs/src/install/mirs_robot_description/share/mirs_robot_description/package.dsv'
[13.110s] INFO:colcon.colcon_core.shell:Creating package script '/home/chethan/Desktop/MajorProject/software/mirs/src/install/mirs_robot_description/share/mirs_robot_description/package.sh'
[13.119s] INFO:colcon.colcon_core.shell:Creating package script '/home/chethan/Desktop/MajorProject/software/mirs/src/install/mirs_robot_description/share/mirs_robot_description/package.bash'
[13.130s] INFO:colcon.colcon_core.shell:Creating package script '/home/chethan/Desktop/MajorProject/software/mirs/src/install/mirs_robot_description/share/mirs_robot_description/package.zsh'
[13.138s] Level 1:colcon.colcon_core.environment:create_file_with_runtime_dependencies(/home/chethan/Desktop/MajorProject/software/mirs/src/install/mirs_robot_description/share/colcon-core/packages/mirs_robot_description)
[13.205s] Level 1:colcon.colcon_core.environment:create_environment_scripts_only(mirs_robot_description)
[13.208s] Level 1:colcon.colcon_core.environment:checking '/home/chethan/Desktop/MajorProject/software/mirs/src/install/mirs_robot_description' for CMake module files
[13.265s] Level 1:colcon.colcon_core.environment:checking '/home/chethan/Desktop/MajorProject/software/mirs/src/install/mirs_robot_description' for CMake config files
[13.312s] Level 1:colcon.colcon_core.shell:create_environment_hook('mirs_robot_description', 'cmake_prefix_path')
[13.313s] INFO:colcon.colcon_core.shell:Creating environment hook '/home/chethan/Desktop/MajorProject/software/mirs/src/install/mirs_robot_description/share/mirs_robot_description/hook/cmake_prefix_path.ps1'
[13.322s] INFO:colcon.colcon_core.shell:Creating environment descriptor '/home/chethan/Desktop/MajorProject/software/mirs/src/install/mirs_robot_description/share/mirs_robot_description/hook/cmake_prefix_path.dsv'
[13.335s] INFO:colcon.colcon_core.shell:Creating environment hook '/home/chethan/Desktop/MajorProject/software/mirs/src/install/mirs_robot_description/share/mirs_robot_description/hook/cmake_prefix_path.sh'
[13.349s] Level 1:colcon.colcon_core.environment:checking '/home/chethan/Desktop/MajorProject/software/mirs/src/install/mirs_robot_description/bin'
[13.350s] Level 1:colcon.colcon_core.environment:checking '/home/chethan/Desktop/MajorProject/software/mirs/src/install/mirs_robot_description/lib/pkgconfig/mirs_robot_description.pc'
[13.352s] Level 1:colcon.colcon_core.environment:checking '/home/chethan/Desktop/MajorProject/software/mirs/src/install/mirs_robot_description/lib/python3.10/site-packages'
[13.353s] Level 1:colcon.colcon_core.environment:checking '/home/chethan/Desktop/MajorProject/software/mirs/src/install/mirs_robot_description/bin'
[13.356s] INFO:colcon.colcon_core.shell:Creating package script '/home/chethan/Desktop/MajorProject/software/mirs/src/install/mirs_robot_description/share/mirs_robot_description/package.ps1'
[13.363s] INFO:colcon.colcon_core.shell:Creating package descriptor '/home/chethan/Desktop/MajorProject/software/mirs/src/install/mirs_robot_description/share/mirs_robot_description/package.dsv'
[13.372s] INFO:colcon.colcon_core.shell:Creating package script '/home/chethan/Desktop/MajorProject/software/mirs/src/install/mirs_robot_description/share/mirs_robot_description/package.sh'
[13.382s] INFO:colcon.colcon_core.shell:Creating package script '/home/chethan/Desktop/MajorProject/software/mirs/src/install/mirs_robot_description/share/mirs_robot_description/package.bash'
[13.390s] INFO:colcon.colcon_core.shell:Creating package script '/home/chethan/Desktop/MajorProject/software/mirs/src/install/mirs_robot_description/share/mirs_robot_description/package.zsh'
[13.400s] Level 1:colcon.colcon_core.environment:create_file_with_runtime_dependencies(/home/chethan/Desktop/MajorProject/software/mirs/src/install/mirs_robot_description/share/colcon-core/packages/mirs_robot_description)
[13.405s] DEBUG:colcon.colcon_parallel_executor.executor.parallel:closing loop
[13.406s] DEBUG:colcon.colcon_parallel_executor.executor.parallel:loop closed
[13.408s] DEBUG:colcon.colcon_parallel_executor.executor.parallel:run_until_complete finished with '0'
[13.409s] DEBUG:colcon.colcon_core.event_reactor:joining thread
[13.457s] INFO:colcon.colcon_core.plugin_system:Skipping extension 'colcon_notification.desktop_notification.terminal_notifier': Not used on non-Darwin systems
[13.458s] INFO:colcon.colcon_core.plugin_system:Skipping extension 'colcon_notification.desktop_notification.win32': Not used on non-Windows systems
[13.458s] INFO:colcon.colcon_notification.desktop_notification:Sending desktop notification using 'notify2'
[13.475s] DEBUG:colcon.colcon_core.event_reactor:joined thread
[13.477s] INFO:colcon.colcon_core.shell:Creating prefix script '/home/chethan/Desktop/MajorProject/software/mirs/src/install/local_setup.ps1'
[13.488s] INFO:colcon.colcon_core.shell:Creating prefix util module '/home/chethan/Desktop/MajorProject/software/mirs/src/install/_local_setup_util_ps1.py'
[13.497s] INFO:colcon.colcon_core.shell:Creating prefix chain script '/home/chethan/Desktop/MajorProject/software/mirs/src/install/setup.ps1'
[13.513s] INFO:colcon.colcon_core.shell:Creating prefix script '/home/chethan/Desktop/MajorProject/software/mirs/src/install/local_setup.sh'
[13.523s] INFO:colcon.colcon_core.shell:Creating prefix util module '/home/chethan/Desktop/MajorProject/software/mirs/src/install/_local_setup_util_sh.py'
[13.538s] INFO:colcon.colcon_core.shell:Creating prefix chain script '/home/chethan/Desktop/MajorProject/software/mirs/src/install/setup.sh'
[13.548s] INFO:colcon.colcon_core.shell:Creating prefix script '/home/chethan/Desktop/MajorProject/software/mirs/src/install/local_setup.bash'
[13.559s] INFO:colcon.colcon_core.shell:Creating prefix chain script '/home/chethan/Desktop/MajorProject/software/mirs/src/install/setup.bash'
[13.569s] INFO:colcon.colcon_core.shell:Creating prefix script '/home/chethan/Desktop/MajorProject/software/mirs/src/install/local_setup.zsh'
[13.583s] INFO:colcon.colcon_core.shell:Creating prefix chain script '/home/chethan/Desktop/MajorProject/software/mirs/src/install/setup.zsh'
