[1.058s] DEBUG:colcon:Command line arguments: ['/usr/bin/colcon', 'build', '--packages-select', 'mirs_description']
[1.058s] DEBUG:colcon:Parsed command line arguments: Namespace(log_base=None, log_level=None, verb_name='build', build_base='build', install_base='install', merge_install=False, symlink_install=False, test_result_base=None, continue_on_error=False, executor='parallel', parallel_workers=4, event_handlers=None, ignore_user_meta=False, metas=['./colcon.meta'], base_paths=['.'], packages_ignore=None, packages_ignore_regex=None, paths=None, packages_up_to=None, packages_up_to_regex=None, packages_above=None, packages_above_and_dependencies=None, packages_above_depth=None, packages_select_by_dep=None, packages_skip_by_dep=None, packages_skip_up_to=None, packages_select_build_failed=False, packages_skip_build_finished=False, packages_select_test_failures=False, packages_skip_test_passed=False, packages_select=['mirs_description'], packages_skip=None, packages_select_regex=None, packages_skip_regex=None, packages_start=None, packages_end=None, allow_overriding=[], cmake_args=None, cmake_target=None, cmake_target_skip_unavailable=False, cmake_clean_cache=False, cmake_clean_first=False, cmake_force_configure=False, ament_cmake_args=None, catkin_cmake_args=None, catkin_skip_building_tests=False, verb_parser=<colcon_defaults.argument_parser.defaults.DefaultArgumentsDecorator object at 0x7ff7148d8c70>, verb_extension=<colcon_core.verb.build.BuildVerb object at 0x7ff7150cb100>, main=<bound method BuildVerb.main of <colcon_core.verb.build.BuildVerb object at 0x7ff7150cb100>>)
[1.127s] Level 1:colcon.colcon_core.package_discovery:discover_packages(colcon_meta) check parameters
[1.127s] Level 1:colcon.colcon_core.package_discovery:discover_packages(recursive) check parameters
[1.127s] Level 1:colcon.colcon_core.package_discovery:discover_packages(ignore) check parameters
[1.127s] Level 1:colcon.colcon_core.package_discovery:discover_packages(path) check parameters
[1.127s] Level 1:colcon.colcon_core.package_discovery:discover_packages(colcon_meta) discover
[1.128s] Level 1:colcon.colcon_core.package_discovery:discover_packages(recursive) discover
[1.128s] INFO:colcon.colcon_core.package_discovery:Crawling recursively for packages in '/home/chethan/Desktop/MajorProject/mirs'
[1.128s] Level 1:colcon.colcon_core.package_identification:_identify(.) by extensions ['ignore', 'ignore_ament_install']
[1.128s] Level 1:colcon.colcon_core.package_identification:_identify(.) by extension 'ignore'
[1.129s] Level 1:colcon.colcon_core.package_identification:_identify(.) by extension 'ignore_ament_install'
[1.129s] Level 1:colcon.colcon_core.package_identification:_identify(.) by extensions ['colcon_pkg']
[1.129s] Level 1:colcon.colcon_core.package_identification:_identify(.) by extension 'colcon_pkg'
[1.129s] Level 1:colcon.colcon_core.package_identification:_identify(.) by extensions ['colcon_meta']
[1.129s] Level 1:colcon.colcon_core.package_identification:_identify(.) by extension 'colcon_meta'
[1.130s] Level 1:colcon.colcon_core.package_identification:_identify(.) by extensions ['ros']
[1.130s] Level 1:colcon.colcon_core.package_identification:_identify(.) by extension 'ros'
[1.145s] Level 1:colcon.colcon_core.package_identification:_identify(.) by extensions ['cmake', 'python']
[1.145s] Level 1:colcon.colcon_core.package_identification:_identify(.) by extension 'cmake'
[1.145s] Level 1:colcon.colcon_core.package_identification:_identify(.) by extension 'python'
[1.145s] Level 1:colcon.colcon_core.package_identification:_identify(.) by extensions ['python_setup_py']
[1.145s] Level 1:colcon.colcon_core.package_identification:_identify(.) by extension 'python_setup_py'
[1.145s] Level 1:colcon.colcon_core.package_identification:_identify(build) by extensions ['ignore', 'ignore_ament_install']
[1.146s] Level 1:colcon.colcon_core.package_identification:_identify(build) by extension 'ignore'
[1.146s] Level 1:colcon.colcon_core.package_identification:_identify(build) ignored
[1.146s] Level 1:colcon.colcon_core.package_identification:_identify(install) by extensions ['ignore', 'ignore_ament_install']
[1.146s] Level 1:colcon.colcon_core.package_identification:_identify(install) by extension 'ignore'
[1.146s] Level 1:colcon.colcon_core.package_identification:_identify(install) ignored
[1.147s] Level 1:colcon.colcon_core.package_identification:_identify(log) by extensions ['ignore', 'ignore_ament_install']
[1.147s] Level 1:colcon.colcon_core.package_identification:_identify(log) by extension 'ignore'
[1.147s] Level 1:colcon.colcon_core.package_identification:_identify(log) ignored
[1.147s] Level 1:colcon.colcon_core.package_identification:_identify(src) by extensions ['ignore', 'ignore_ament_install']
[1.147s] Level 1:colcon.colcon_core.package_identification:_identify(src) by extension 'ignore'
[1.148s] Level 1:colcon.colcon_core.package_identification:_identify(src) by extension 'ignore_ament_install'
[1.148s] Level 1:colcon.colcon_core.package_identification:_identify(src) by extensions ['colcon_pkg']
[1.148s] Level 1:colcon.colcon_core.package_identification:_identify(src) by extension 'colcon_pkg'
[1.148s] Level 1:colcon.colcon_core.package_identification:_identify(src) by extensions ['colcon_meta']
[1.148s] Level 1:colcon.colcon_core.package_identification:_identify(src) by extension 'colcon_meta'
[1.148s] Level 1:colcon.colcon_core.package_identification:_identify(src) by extensions ['ros']
[1.148s] Level 1:colcon.colcon_core.package_identification:_identify(src) by extension 'ros'
[1.148s] Level 1:colcon.colcon_core.package_identification:_identify(src) by extensions ['cmake', 'python']
[1.148s] Level 1:colcon.colcon_core.package_identification:_identify(src) by extension 'cmake'
[1.149s] Level 1:colcon.colcon_core.package_identification:_identify(src) by extension 'python'
[1.149s] Level 1:colcon.colcon_core.package_identification:_identify(src) by extensions ['python_setup_py']
[1.149s] Level 1:colcon.colcon_core.package_identification:_identify(src) by extension 'python_setup_py'
[1.149s] Level 1:colcon.colcon_core.package_identification:_identify(src/mirs_controller) by extensions ['ignore', 'ignore_ament_install']
[1.149s] Level 1:colcon.colcon_core.package_identification:_identify(src/mirs_controller) by extension 'ignore'
[1.149s] Level 1:colcon.colcon_core.package_identification:_identify(src/mirs_controller) by extension 'ignore_ament_install'
[1.149s] Level 1:colcon.colcon_core.package_identification:_identify(src/mirs_controller) by extensions ['colcon_pkg']
[1.150s] Level 1:colcon.colcon_core.package_identification:_identify(src/mirs_controller) by extension 'colcon_pkg'
[1.150s] Level 1:colcon.colcon_core.package_identification:_identify(src/mirs_controller) by extensions ['colcon_meta']
[1.150s] Level 1:colcon.colcon_core.package_identification:_identify(src/mirs_controller) by extension 'colcon_meta'
[1.150s] Level 1:colcon.colcon_core.package_identification:_identify(src/mirs_controller) by extensions ['ros']
[1.150s] Level 1:colcon.colcon_core.package_identification:_identify(src/mirs_controller) by extension 'ros'
[1.154s] DEBUG:colcon.colcon_core.package_identification:Package 'src/mirs_controller' with type 'ros.ament_python' and name 'mirs_controller'
[1.155s] Level 1:colcon.colcon_core.package_identification:_identify(src/mirs_description) by extensions ['ignore', 'ignore_ament_install']
[1.155s] Level 1:colcon.colcon_core.package_identification:_identify(src/mirs_description) by extension 'ignore'
[1.155s] Level 1:colcon.colcon_core.package_identification:_identify(src/mirs_description) by extension 'ignore_ament_install'
[1.155s] Level 1:colcon.colcon_core.package_identification:_identify(src/mirs_description) by extensions ['colcon_pkg']
[1.155s] Level 1:colcon.colcon_core.package_identification:_identify(src/mirs_description) by extension 'colcon_pkg'
[1.156s] Level 1:colcon.colcon_core.package_identification:_identify(src/mirs_description) by extensions ['colcon_meta']
[1.156s] Level 1:colcon.colcon_core.package_identification:_identify(src/mirs_description) by extension 'colcon_meta'
[1.156s] Level 1:colcon.colcon_core.package_identification:_identify(src/mirs_description) by extensions ['ros']
[1.156s] Level 1:colcon.colcon_core.package_identification:_identify(src/mirs_description) by extension 'ros'
[1.157s] DEBUG:colcon.colcon_core.package_identification:Package 'src/mirs_description' with type 'ros.ament_cmake' and name 'mirs_description'
[1.158s] Level 1:colcon.colcon_core.package_identification:_identify(src/mirs_system) by extensions ['ignore', 'ignore_ament_install']
[1.158s] Level 1:colcon.colcon_core.package_identification:_identify(src/mirs_system) by extension 'ignore'
[1.158s] Level 1:colcon.colcon_core.package_identification:_identify(src/mirs_system) by extension 'ignore_ament_install'
[1.159s] Level 1:colcon.colcon_core.package_identification:_identify(src/mirs_system) by extensions ['colcon_pkg']
[1.159s] Level 1:colcon.colcon_core.package_identification:_identify(src/mirs_system) by extension 'colcon_pkg'
[1.159s] Level 1:colcon.colcon_core.package_identification:_identify(src/mirs_system) by extensions ['colcon_meta']
[1.159s] Level 1:colcon.colcon_core.package_identification:_identify(src/mirs_system) by extension 'colcon_meta'
[1.159s] Level 1:colcon.colcon_core.package_identification:_identify(src/mirs_system) by extensions ['ros']
[1.159s] Level 1:colcon.colcon_core.package_identification:_identify(src/mirs_system) by extension 'ros'
[1.160s] DEBUG:colcon.colcon_core.package_identification:Package 'src/mirs_system' with type 'ros.ament_python' and name 'mirs_system'
[1.160s] Level 1:colcon.colcon_core.package_discovery:discover_packages(recursive) using defaults
[1.160s] Level 1:colcon.colcon_core.package_discovery:discover_packages(ignore) discover
[1.160s] Level 1:colcon.colcon_core.package_discovery:discover_packages(ignore) using defaults
[1.160s] Level 1:colcon.colcon_core.package_discovery:discover_packages(path) discover
[1.160s] Level 1:colcon.colcon_core.package_discovery:discover_packages(path) using defaults
[1.199s] INFO:colcon.colcon_core.package_selection:Skipping not selected package 'mirs_controller' in 'src/mirs_controller'
[1.199s] INFO:colcon.colcon_core.package_selection:Skipping not selected package 'mirs_system' in 'src/mirs_system'
[1.201s] Level 1:colcon.colcon_core.package_discovery:discover_packages(prefix_path) check parameters
[1.201s] Level 1:colcon.colcon_core.package_discovery:discover_packages(prefix_path) discover
[1.212s] DEBUG:colcon.colcon_installed_package_information.package_discovery:Found 1 installed packages in /home/chethan/Desktop/MajorProject/mirs/install
[1.213s] DEBUG:colcon.colcon_installed_package_information.package_discovery:Found 280 installed packages in /opt/ros/humble
[1.215s] Level 1:colcon.colcon_core.package_discovery:discover_packages(prefix_path) using defaults
[1.374s] Level 5:colcon.colcon_core.verb:set package 'mirs_description' build argument 'cmake_args' from command line to 'None'
[1.374s] Level 5:colcon.colcon_core.verb:set package 'mirs_description' build argument 'cmake_target' from command line to 'None'
[1.374s] Level 5:colcon.colcon_core.verb:set package 'mirs_description' build argument 'cmake_target_skip_unavailable' from command line to 'False'
[1.374s] Level 5:colcon.colcon_core.verb:set package 'mirs_description' build argument 'cmake_clean_cache' from command line to 'False'
[1.375s] Level 5:colcon.colcon_core.verb:set package 'mirs_description' build argument 'cmake_clean_first' from command line to 'False'
[1.375s] Level 5:colcon.colcon_core.verb:set package 'mirs_description' build argument 'cmake_force_configure' from command line to 'False'
[1.375s] Level 5:colcon.colcon_core.verb:set package 'mirs_description' build argument 'ament_cmake_args' from command line to 'None'
[1.375s] Level 5:colcon.colcon_core.verb:set package 'mirs_description' build argument 'catkin_cmake_args' from command line to 'None'
[1.375s] Level 5:colcon.colcon_core.verb:set package 'mirs_description' build argument 'catkin_skip_building_tests' from command line to 'False'
[1.375s] DEBUG:colcon.colcon_core.verb:Building package 'mirs_description' with the following arguments: {'ament_cmake_args': None, 'build_base': '/home/chethan/Desktop/MajorProject/mirs/build/mirs_description', 'catkin_cmake_args': None, 'catkin_skip_building_tests': False, 'cmake_args': None, 'cmake_clean_cache': False, 'cmake_clean_first': False, 'cmake_force_configure': False, 'cmake_target': None, 'cmake_target_skip_unavailable': False, 'install_base': '/home/chethan/Desktop/MajorProject/mirs/install/mirs_description', 'merge_install': False, 'path': '/home/chethan/Desktop/MajorProject/mirs/src/mirs_description', 'symlink_install': False, 'test_result_base': None}
[1.376s] INFO:colcon.colcon_core.executor:Executing jobs using 'parallel' executor
[1.380s] DEBUG:colcon.colcon_parallel_executor.executor.parallel:run_until_complete
[1.380s] INFO:colcon.colcon_ros.task.ament_cmake.build:Building ROS package in '/home/chethan/Desktop/MajorProject/mirs/src/mirs_description' with build type 'ament_cmake'
[1.380s] INFO:colcon.colcon_cmake.task.cmake.build:Building CMake package in '/home/chethan/Desktop/MajorProject/mirs/src/mirs_description'
[1.399s] INFO:colcon.colcon_core.plugin_system:Skipping extension 'colcon_core.shell.bat': Not used on non-Windows systems
[1.400s] INFO:colcon.colcon_core.shell:Skip shell extension 'powershell' for command environment: Not usable outside of PowerShell
[1.401s] DEBUG:colcon.colcon_core.shell:Skip shell extension 'dsv' for command environment
[1.417s] DEBUG:colcon.colcon_core.event_handler.log_command:Invoking command in '/home/chethan/Desktop/MajorProject/mirs/build/mirs_description': CMAKE_PREFIX_PATH=${CMAKE_PREFIX_PATH}:/opt/ros/humble /usr/bin/cmake --build /home/chethan/Desktop/MajorProject/mirs/build/mirs_description -- -j4 -l4
[1.620s] DEBUG:colcon.colcon_core.event_handler.log_command:Invoked command in '/home/chethan/Desktop/MajorProject/mirs/build/mirs_description' returned '0': CMAKE_PREFIX_PATH=${CMAKE_PREFIX_PATH}:/opt/ros/humble /usr/bin/cmake --build /home/chethan/Desktop/MajorProject/mirs/build/mirs_description -- -j4 -l4
[1.662s] DEBUG:colcon.colcon_core.event_handler.log_command:Invoking command in '/home/chethan/Desktop/MajorProject/mirs/build/mirs_description': CMAKE_PREFIX_PATH=${CMAKE_PREFIX_PATH}:/opt/ros/humble /usr/bin/cmake --install /home/chethan/Desktop/MajorProject/mirs/build/mirs_description
[1.693s] Level 1:colcon.colcon_core.environment:create_environment_scripts_only(mirs_description)
[1.694s] DEBUG:colcon.colcon_core.event_handler.log_command:Invoked command in '/home/chethan/Desktop/MajorProject/mirs/build/mirs_description' returned '0': CMAKE_PREFIX_PATH=${CMAKE_PREFIX_PATH}:/opt/ros/humble /usr/bin/cmake --install /home/chethan/Desktop/MajorProject/mirs/build/mirs_description
[1.706s] Level 1:colcon.colcon_core.environment:checking '/home/chethan/Desktop/MajorProject/mirs/install/mirs_description' for CMake module files
[1.707s] Level 1:colcon.colcon_core.environment:checking '/home/chethan/Desktop/MajorProject/mirs/install/mirs_description' for CMake config files
[1.707s] Level 1:colcon.colcon_core.shell:create_environment_hook('mirs_description', 'cmake_prefix_path')
[1.709s] INFO:colcon.colcon_core.shell:Creating environment hook '/home/chethan/Desktop/MajorProject/mirs/install/mirs_description/share/mirs_description/hook/cmake_prefix_path.ps1'
[1.712s] INFO:colcon.colcon_core.shell:Creating environment descriptor '/home/chethan/Desktop/MajorProject/mirs/install/mirs_description/share/mirs_description/hook/cmake_prefix_path.dsv'
[1.715s] INFO:colcon.colcon_core.shell:Creating environment hook '/home/chethan/Desktop/MajorProject/mirs/install/mirs_description/share/mirs_description/hook/cmake_prefix_path.sh'
[1.717s] Level 1:colcon.colcon_core.environment:checking '/home/chethan/Desktop/MajorProject/mirs/install/mirs_description/bin'
[1.717s] Level 1:colcon.colcon_core.environment:checking '/home/chethan/Desktop/MajorProject/mirs/install/mirs_description/lib/pkgconfig/mirs_description.pc'
[1.717s] Level 1:colcon.colcon_core.environment:checking '/home/chethan/Desktop/MajorProject/mirs/install/mirs_description/lib/python3.10/site-packages'
[1.717s] Level 1:colcon.colcon_core.environment:checking '/home/chethan/Desktop/MajorProject/mirs/install/mirs_description/bin'
[1.719s] INFO:colcon.colcon_core.shell:Creating package script '/home/chethan/Desktop/MajorProject/mirs/install/mirs_description/share/mirs_description/package.ps1'
[1.721s] INFO:colcon.colcon_core.shell:Creating package descriptor '/home/chethan/Desktop/MajorProject/mirs/install/mirs_description/share/mirs_description/package.dsv'
[1.722s] INFO:colcon.colcon_core.shell:Creating package script '/home/chethan/Desktop/MajorProject/mirs/install/mirs_description/share/mirs_description/package.sh'
[1.724s] INFO:colcon.colcon_core.shell:Creating package script '/home/chethan/Desktop/MajorProject/mirs/install/mirs_description/share/mirs_description/package.bash'
[1.726s] INFO:colcon.colcon_core.shell:Creating package script '/home/chethan/Desktop/MajorProject/mirs/install/mirs_description/share/mirs_description/package.zsh'
[1.727s] Level 1:colcon.colcon_core.environment:create_file_with_runtime_dependencies(/home/chethan/Desktop/MajorProject/mirs/install/mirs_description/share/colcon-core/packages/mirs_description)
[1.753s] Level 1:colcon.colcon_core.environment:create_environment_scripts_only(mirs_description)
[1.755s] Level 1:colcon.colcon_core.environment:checking '/home/chethan/Desktop/MajorProject/mirs/install/mirs_description' for CMake module files
[1.755s] Level 1:colcon.colcon_core.environment:checking '/home/chethan/Desktop/MajorProject/mirs/install/mirs_description' for CMake config files
[1.756s] Level 1:colcon.colcon_core.shell:create_environment_hook('mirs_description', 'cmake_prefix_path')
[1.757s] INFO:colcon.colcon_core.shell:Creating environment hook '/home/chethan/Desktop/MajorProject/mirs/install/mirs_description/share/mirs_description/hook/cmake_prefix_path.ps1'
[1.757s] INFO:colcon.colcon_core.shell:Creating environment descriptor '/home/chethan/Desktop/MajorProject/mirs/install/mirs_description/share/mirs_description/hook/cmake_prefix_path.dsv'
[1.758s] INFO:colcon.colcon_core.shell:Creating environment hook '/home/chethan/Desktop/MajorProject/mirs/install/mirs_description/share/mirs_description/hook/cmake_prefix_path.sh'
[1.758s] Level 1:colcon.colcon_core.environment:checking '/home/chethan/Desktop/MajorProject/mirs/install/mirs_description/bin'
[1.758s] Level 1:colcon.colcon_core.environment:checking '/home/chethan/Desktop/MajorProject/mirs/install/mirs_description/lib/pkgconfig/mirs_description.pc'
[1.759s] Level 1:colcon.colcon_core.environment:checking '/home/chethan/Desktop/MajorProject/mirs/install/mirs_description/lib/python3.10/site-packages'
[1.759s] Level 1:colcon.colcon_core.environment:checking '/home/chethan/Desktop/MajorProject/mirs/install/mirs_description/bin'
[1.760s] INFO:colcon.colcon_core.shell:Creating package script '/home/chethan/Desktop/MajorProject/mirs/install/mirs_description/share/mirs_description/package.ps1'
[1.761s] INFO:colcon.colcon_core.shell:Creating package descriptor '/home/chethan/Desktop/MajorProject/mirs/install/mirs_description/share/mirs_description/package.dsv'
[1.761s] INFO:colcon.colcon_core.shell:Creating package script '/home/chethan/Desktop/MajorProject/mirs/install/mirs_description/share/mirs_description/package.sh'
[1.762s] INFO:colcon.colcon_core.shell:Creating package script '/home/chethan/Desktop/MajorProject/mirs/install/mirs_description/share/mirs_description/package.bash'
[1.762s] INFO:colcon.colcon_core.shell:Creating package script '/home/chethan/Desktop/MajorProject/mirs/install/mirs_description/share/mirs_description/package.zsh'
[1.763s] Level 1:colcon.colcon_core.environment:create_file_with_runtime_dependencies(/home/chethan/Desktop/MajorProject/mirs/install/mirs_description/share/colcon-core/packages/mirs_description)
[1.763s] DEBUG:colcon.colcon_parallel_executor.executor.parallel:closing loop
[1.763s] DEBUG:colcon.colcon_parallel_executor.executor.parallel:loop closed
[1.763s] DEBUG:colcon.colcon_parallel_executor.executor.parallel:run_until_complete finished with '0'
[1.764s] DEBUG:colcon.colcon_core.event_reactor:joining thread
[1.793s] INFO:colcon.colcon_core.plugin_system:Skipping extension 'colcon_notification.desktop_notification.terminal_notifier': Not used on non-Darwin systems
[1.793s] INFO:colcon.colcon_core.plugin_system:Skipping extension 'colcon_notification.desktop_notification.win32': Not used on non-Windows systems
[1.793s] INFO:colcon.colcon_notification.desktop_notification:Sending desktop notification using 'notify2'
[1.813s] DEBUG:colcon.colcon_core.event_reactor:joined thread
[1.815s] INFO:colcon.colcon_core.shell:Creating prefix script '/home/chethan/Desktop/MajorProject/mirs/install/local_setup.ps1'
[1.817s] INFO:colcon.colcon_core.shell:Creating prefix util module '/home/chethan/Desktop/MajorProject/mirs/install/_local_setup_util_ps1.py'
[1.819s] INFO:colcon.colcon_core.shell:Creating prefix chain script '/home/chethan/Desktop/MajorProject/mirs/install/setup.ps1'
[1.822s] INFO:colcon.colcon_core.shell:Creating prefix script '/home/chethan/Desktop/MajorProject/mirs/install/local_setup.sh'
[1.823s] INFO:colcon.colcon_core.shell:Creating prefix util module '/home/chethan/Desktop/MajorProject/mirs/install/_local_setup_util_sh.py'
[1.824s] INFO:colcon.colcon_core.shell:Creating prefix chain script '/home/chethan/Desktop/MajorProject/mirs/install/setup.sh'
[1.830s] INFO:colcon.colcon_core.shell:Creating prefix script '/home/chethan/Desktop/MajorProject/mirs/install/local_setup.bash'
[1.832s] INFO:colcon.colcon_core.shell:Creating prefix chain script '/home/chethan/Desktop/MajorProject/mirs/install/setup.bash'
[1.834s] INFO:colcon.colcon_core.shell:Creating prefix script '/home/chethan/Desktop/MajorProject/mirs/install/local_setup.zsh'
[1.835s] INFO:colcon.colcon_core.shell:Creating prefix chain script '/home/chethan/Desktop/MajorProject/mirs/install/setup.zsh'
