[0.304s] DEBUG:colcon:Command line arguments: ['/usr/bin/colcon', 'build', '--packages-select', 'mirs_description']
[0.304s] DEBUG:colcon:Parsed command line arguments: Namespace(log_base=None, log_level=None, verb_name='build', build_base='build', install_base='install', merge_install=False, symlink_install=False, test_result_base=None, continue_on_error=False, executor='parallel', parallel_workers=4, event_handlers=None, ignore_user_meta=False, metas=['./colcon.meta'], base_paths=['.'], packages_ignore=None, packages_ignore_regex=None, paths=None, packages_up_to=None, packages_up_to_regex=None, packages_above=None, packages_above_and_dependencies=None, packages_above_depth=None, packages_select_by_dep=None, packages_skip_by_dep=None, packages_skip_up_to=None, packages_select_build_failed=False, packages_skip_build_finished=False, packages_select_test_failures=False, packages_skip_test_passed=False, packages_select=['mirs_description'], packages_skip=None, packages_select_regex=None, packages_skip_regex=None, packages_start=None, packages_end=None, allow_overriding=[], cmake_args=None, cmake_target=None, cmake_target_skip_unavailable=False, cmake_clean_cache=False, cmake_clean_first=False, cmake_force_configure=False, ament_cmake_args=None, catkin_cmake_args=None, catkin_skip_building_tests=False, verb_parser=<colcon_defaults.argument_parser.defaults.DefaultArgumentsDecorator object at 0x7f399b4e0f40>, verb_extension=<colcon_core.verb.build.BuildVerb object at 0x7f399bcc6290>, main=<bound method BuildVerb.main of <colcon_core.verb.build.BuildVerb object at 0x7f399bcc6290>>)
[0.353s] Level 1:colcon.colcon_core.package_discovery:discover_packages(colcon_meta) check parameters
[0.354s] Level 1:colcon.colcon_core.package_discovery:discover_packages(recursive) check parameters
[0.354s] Level 1:colcon.colcon_core.package_discovery:discover_packages(ignore) check parameters
[0.354s] Level 1:colcon.colcon_core.package_discovery:discover_packages(path) check parameters
[0.354s] Level 1:colcon.colcon_core.package_discovery:discover_packages(colcon_meta) discover
[0.354s] Level 1:colcon.colcon_core.package_discovery:discover_packages(recursive) discover
[0.354s] INFO:colcon.colcon_core.package_discovery:Crawling recursively for packages in '/home/chethan/Desktop/MajorProject/mirs'
[0.354s] Level 1:colcon.colcon_core.package_identification:_identify(.) by extensions ['ignore', 'ignore_ament_install']
[0.354s] Level 1:colcon.colcon_core.package_identification:_identify(.) by extension 'ignore'
[0.354s] Level 1:colcon.colcon_core.package_identification:_identify(.) by extension 'ignore_ament_install'
[0.354s] Level 1:colcon.colcon_core.package_identification:_identify(.) by extensions ['colcon_pkg']
[0.354s] Level 1:colcon.colcon_core.package_identification:_identify(.) by extension 'colcon_pkg'
[0.354s] Level 1:colcon.colcon_core.package_identification:_identify(.) by extensions ['colcon_meta']
[0.354s] Level 1:colcon.colcon_core.package_identification:_identify(.) by extension 'colcon_meta'
[0.355s] Level 1:colcon.colcon_core.package_identification:_identify(.) by extensions ['ros']
[0.355s] Level 1:colcon.colcon_core.package_identification:_identify(.) by extension 'ros'
[0.367s] Level 1:colcon.colcon_core.package_identification:_identify(.) by extensions ['cmake', 'python']
[0.367s] Level 1:colcon.colcon_core.package_identification:_identify(.) by extension 'cmake'
[0.367s] Level 1:colcon.colcon_core.package_identification:_identify(.) by extension 'python'
[0.367s] Level 1:colcon.colcon_core.package_identification:_identify(.) by extensions ['python_setup_py']
[0.367s] Level 1:colcon.colcon_core.package_identification:_identify(.) by extension 'python_setup_py'
[0.367s] Level 1:colcon.colcon_core.package_identification:_identify(build) by extensions ['ignore', 'ignore_ament_install']
[0.367s] Level 1:colcon.colcon_core.package_identification:_identify(build) by extension 'ignore'
[0.367s] Level 1:colcon.colcon_core.package_identification:_identify(build) ignored
[0.368s] Level 1:colcon.colcon_core.package_identification:_identify(install) by extensions ['ignore', 'ignore_ament_install']
[0.368s] Level 1:colcon.colcon_core.package_identification:_identify(install) by extension 'ignore'
[0.368s] Level 1:colcon.colcon_core.package_identification:_identify(install) ignored
[0.368s] Level 1:colcon.colcon_core.package_identification:_identify(log) by extensions ['ignore', 'ignore_ament_install']
[0.368s] Level 1:colcon.colcon_core.package_identification:_identify(log) by extension 'ignore'
[0.368s] Level 1:colcon.colcon_core.package_identification:_identify(log) ignored
[0.368s] Level 1:colcon.colcon_core.package_identification:_identify(src) by extensions ['ignore', 'ignore_ament_install']
[0.368s] Level 1:colcon.colcon_core.package_identification:_identify(src) by extension 'ignore'
[0.368s] Level 1:colcon.colcon_core.package_identification:_identify(src) by extension 'ignore_ament_install'
[0.368s] Level 1:colcon.colcon_core.package_identification:_identify(src) by extensions ['colcon_pkg']
[0.368s] Level 1:colcon.colcon_core.package_identification:_identify(src) by extension 'colcon_pkg'
[0.368s] Level 1:colcon.colcon_core.package_identification:_identify(src) by extensions ['colcon_meta']
[0.368s] Level 1:colcon.colcon_core.package_identification:_identify(src) by extension 'colcon_meta'
[0.368s] Level 1:colcon.colcon_core.package_identification:_identify(src) by extensions ['ros']
[0.368s] Level 1:colcon.colcon_core.package_identification:_identify(src) by extension 'ros'
[0.368s] Level 1:colcon.colcon_core.package_identification:_identify(src) by extensions ['cmake', 'python']
[0.368s] Level 1:colcon.colcon_core.package_identification:_identify(src) by extension 'cmake'
[0.368s] Level 1:colcon.colcon_core.package_identification:_identify(src) by extension 'python'
[0.368s] Level 1:colcon.colcon_core.package_identification:_identify(src) by extensions ['python_setup_py']
[0.369s] Level 1:colcon.colcon_core.package_identification:_identify(src) by extension 'python_setup_py'
[0.369s] Level 1:colcon.colcon_core.package_identification:_identify(src/mirs_controller) by extensions ['ignore', 'ignore_ament_install']
[0.369s] Level 1:colcon.colcon_core.package_identification:_identify(src/mirs_controller) by extension 'ignore'
[0.369s] Level 1:colcon.colcon_core.package_identification:_identify(src/mirs_controller) by extension 'ignore_ament_install'
[0.369s] Level 1:colcon.colcon_core.package_identification:_identify(src/mirs_controller) by extensions ['colcon_pkg']
[0.369s] Level 1:colcon.colcon_core.package_identification:_identify(src/mirs_controller) by extension 'colcon_pkg'
[0.369s] Level 1:colcon.colcon_core.package_identification:_identify(src/mirs_controller) by extensions ['colcon_meta']
[0.369s] Level 1:colcon.colcon_core.package_identification:_identify(src/mirs_controller) by extension 'colcon_meta'
[0.369s] Level 1:colcon.colcon_core.package_identification:_identify(src/mirs_controller) by extensions ['ros']
[0.369s] Level 1:colcon.colcon_core.package_identification:_identify(src/mirs_controller) by extension 'ros'
[0.371s] DEBUG:colcon.colcon_core.package_identification:Package 'src/mirs_controller' with type 'ros.ament_python' and name 'mirs_controller'
[0.371s] Level 1:colcon.colcon_core.package_identification:_identify(src/mirs_description) by extensions ['ignore', 'ignore_ament_install']
[0.372s] Level 1:colcon.colcon_core.package_identification:_identify(src/mirs_description) by extension 'ignore'
[0.372s] Level 1:colcon.colcon_core.package_identification:_identify(src/mirs_description) by extension 'ignore_ament_install'
[0.372s] Level 1:colcon.colcon_core.package_identification:_identify(src/mirs_description) by extensions ['colcon_pkg']
[0.372s] Level 1:colcon.colcon_core.package_identification:_identify(src/mirs_description) by extension 'colcon_pkg'
[0.372s] Level 1:colcon.colcon_core.package_identification:_identify(src/mirs_description) by extensions ['colcon_meta']
[0.372s] Level 1:colcon.colcon_core.package_identification:_identify(src/mirs_description) by extension 'colcon_meta'
[0.372s] Level 1:colcon.colcon_core.package_identification:_identify(src/mirs_description) by extensions ['ros']
[0.372s] Level 1:colcon.colcon_core.package_identification:_identify(src/mirs_description) by extension 'ros'
[0.372s] DEBUG:colcon.colcon_core.package_identification:Package 'src/mirs_description' with type 'ros.ament_cmake' and name 'mirs_description'
[0.373s] Level 1:colcon.colcon_core.package_identification:_identify(src/mirs_system) by extensions ['ignore', 'ignore_ament_install']
[0.373s] Level 1:colcon.colcon_core.package_identification:_identify(src/mirs_system) by extension 'ignore'
[0.373s] Level 1:colcon.colcon_core.package_identification:_identify(src/mirs_system) by extension 'ignore_ament_install'
[0.373s] Level 1:colcon.colcon_core.package_identification:_identify(src/mirs_system) by extensions ['colcon_pkg']
[0.373s] Level 1:colcon.colcon_core.package_identification:_identify(src/mirs_system) by extension 'colcon_pkg'
[0.373s] Level 1:colcon.colcon_core.package_identification:_identify(src/mirs_system) by extensions ['colcon_meta']
[0.373s] Level 1:colcon.colcon_core.package_identification:_identify(src/mirs_system) by extension 'colcon_meta'
[0.373s] Level 1:colcon.colcon_core.package_identification:_identify(src/mirs_system) by extensions ['ros']
[0.373s] Level 1:colcon.colcon_core.package_identification:_identify(src/mirs_system) by extension 'ros'
[0.374s] DEBUG:colcon.colcon_core.package_identification:Package 'src/mirs_system' with type 'ros.ament_python' and name 'mirs_system'
[0.374s] Level 1:colcon.colcon_core.package_discovery:discover_packages(recursive) using defaults
[0.374s] Level 1:colcon.colcon_core.package_discovery:discover_packages(ignore) discover
[0.374s] Level 1:colcon.colcon_core.package_discovery:discover_packages(ignore) using defaults
[0.374s] Level 1:colcon.colcon_core.package_discovery:discover_packages(path) discover
[0.374s] Level 1:colcon.colcon_core.package_discovery:discover_packages(path) using defaults
[0.398s] INFO:colcon.colcon_core.package_selection:Skipping not selected package 'mirs_controller' in 'src/mirs_controller'
[0.398s] INFO:colcon.colcon_core.package_selection:Skipping not selected package 'mirs_system' in 'src/mirs_system'
[0.400s] Level 1:colcon.colcon_core.package_discovery:discover_packages(prefix_path) check parameters
[0.400s] Level 1:colcon.colcon_core.package_discovery:discover_packages(prefix_path) discover
[0.401s] WARNING:colcon.colcon_ros.prefix_path.ament:The path '/home/chethan/Desktop/MajorProject/mirs/install/mirs_description' in the environment variable AMENT_PREFIX_PATH doesn't exist
[0.402s] WARNING:colcon.colcon_ros.prefix_path.ament:The path '/home/chethan/Desktop/MajorProject/mirs/install/mirs_system' in the environment variable AMENT_PREFIX_PATH doesn't exist
[0.402s] WARNING:colcon.colcon_ros.prefix_path.ament:The path '/home/chethan/Desktop/MajorProject/mirs/install/mirs_robot_description' in the environment variable AMENT_PREFIX_PATH doesn't exist
[0.402s] WARNING:colcon.colcon_ros.prefix_path.ament:The path '/home/chethan/Desktop/MajorProject/mirs/install/mirs_controller' in the environment variable AMENT_PREFIX_PATH doesn't exist
[0.403s] WARNING:colcon.colcon_ros.prefix_path.catkin:The path '/home/chethan/Desktop/MajorProject/mirs/install/mirs_description' in the environment variable CMAKE_PREFIX_PATH doesn't exist
[0.403s] WARNING:colcon.colcon_ros.prefix_path.catkin:The path '/home/chethan/Desktop/MajorProject/mirs/install/mirs_robot_description' in the environment variable CMAKE_PREFIX_PATH doesn't exist
[0.405s] DEBUG:colcon.colcon_installed_package_information.package_discovery:Found 0 installed packages in /home/chethan/Desktop/MajorProject/mirs/install
[0.408s] DEBUG:colcon.colcon_installed_package_information.package_discovery:Found 280 installed packages in /opt/ros/humble
[0.410s] Level 1:colcon.colcon_core.package_discovery:discover_packages(prefix_path) using defaults
[0.497s] Level 5:colcon.colcon_core.verb:set package 'mirs_description' build argument 'cmake_args' from command line to 'None'
[0.497s] Level 5:colcon.colcon_core.verb:set package 'mirs_description' build argument 'cmake_target' from command line to 'None'
[0.498s] Level 5:colcon.colcon_core.verb:set package 'mirs_description' build argument 'cmake_target_skip_unavailable' from command line to 'False'
[0.498s] Level 5:colcon.colcon_core.verb:set package 'mirs_description' build argument 'cmake_clean_cache' from command line to 'False'
[0.498s] Level 5:colcon.colcon_core.verb:set package 'mirs_description' build argument 'cmake_clean_first' from command line to 'False'
[0.498s] Level 5:colcon.colcon_core.verb:set package 'mirs_description' build argument 'cmake_force_configure' from command line to 'False'
[0.498s] Level 5:colcon.colcon_core.verb:set package 'mirs_description' build argument 'ament_cmake_args' from command line to 'None'
[0.498s] Level 5:colcon.colcon_core.verb:set package 'mirs_description' build argument 'catkin_cmake_args' from command line to 'None'
[0.498s] Level 5:colcon.colcon_core.verb:set package 'mirs_description' build argument 'catkin_skip_building_tests' from command line to 'False'
[0.498s] DEBUG:colcon.colcon_core.verb:Building package 'mirs_description' with the following arguments: {'ament_cmake_args': None, 'build_base': '/home/chethan/Desktop/MajorProject/mirs/build/mirs_description', 'catkin_cmake_args': None, 'catkin_skip_building_tests': False, 'cmake_args': None, 'cmake_clean_cache': False, 'cmake_clean_first': False, 'cmake_force_configure': False, 'cmake_target': None, 'cmake_target_skip_unavailable': False, 'install_base': '/home/chethan/Desktop/MajorProject/mirs/install/mirs_description', 'merge_install': False, 'path': '/home/chethan/Desktop/MajorProject/mirs/src/mirs_description', 'symlink_install': False, 'test_result_base': None}
[0.498s] INFO:colcon.colcon_core.executor:Executing jobs using 'parallel' executor
[0.502s] DEBUG:colcon.colcon_parallel_executor.executor.parallel:run_until_complete
[0.503s] INFO:colcon.colcon_ros.task.ament_cmake.build:Building ROS package in '/home/chethan/Desktop/MajorProject/mirs/src/mirs_description' with build type 'ament_cmake'
[0.503s] INFO:colcon.colcon_cmake.task.cmake.build:Building CMake package in '/home/chethan/Desktop/MajorProject/mirs/src/mirs_description'
[0.513s] INFO:colcon.colcon_core.plugin_system:Skipping extension 'colcon_core.shell.bat': Not used on non-Windows systems
[0.513s] INFO:colcon.colcon_core.shell:Skip shell extension 'powershell' for command environment: Not usable outside of PowerShell
[0.514s] DEBUG:colcon.colcon_core.shell:Skip shell extension 'dsv' for command environment
[0.553s] DEBUG:colcon.colcon_core.event_handler.log_command:Invoking command in '/home/chethan/Desktop/MajorProject/mirs/build/mirs_description': CMAKE_PREFIX_PATH=${CMAKE_PREFIX_PATH}:/home/chethan/Desktop/MajorProject/mirs/install/mirs_system:/home/chethan/Desktop/MajorProject/mirs/install/mirs_controller:/opt/ros/humble /usr/bin/cmake /home/chethan/Desktop/MajorProject/mirs/src/mirs_description -DCMAKE_INSTALL_PREFIX=/home/chethan/Desktop/MajorProject/mirs/install/mirs_description
[1.481s] DEBUG:colcon.colcon_core.event_handler.log_command:Invoked command in '/home/chethan/Desktop/MajorProject/mirs/build/mirs_description' returned '0': CMAKE_PREFIX_PATH=${CMAKE_PREFIX_PATH}:/home/chethan/Desktop/MajorProject/mirs/install/mirs_system:/home/chethan/Desktop/MajorProject/mirs/install/mirs_controller:/opt/ros/humble /usr/bin/cmake /home/chethan/Desktop/MajorProject/mirs/src/mirs_description -DCMAKE_INSTALL_PREFIX=/home/chethan/Desktop/MajorProject/mirs/install/mirs_description
[1.482s] DEBUG:colcon.colcon_core.event_handler.log_command:Invoking command in '/home/chethan/Desktop/MajorProject/mirs/build/mirs_description': CMAKE_PREFIX_PATH=${CMAKE_PREFIX_PATH}:/home/chethan/Desktop/MajorProject/mirs/install/mirs_system:/home/chethan/Desktop/MajorProject/mirs/install/mirs_controller:/opt/ros/humble /usr/bin/cmake --build /home/chethan/Desktop/MajorProject/mirs/build/mirs_description -- -j4 -l4
[1.528s] DEBUG:colcon.colcon_core.event_handler.log_command:Invoked command in '/home/chethan/Desktop/MajorProject/mirs/build/mirs_description' returned '0': CMAKE_PREFIX_PATH=${CMAKE_PREFIX_PATH}:/home/chethan/Desktop/MajorProject/mirs/install/mirs_system:/home/chethan/Desktop/MajorProject/mirs/install/mirs_controller:/opt/ros/humble /usr/bin/cmake --build /home/chethan/Desktop/MajorProject/mirs/build/mirs_description -- -j4 -l4
[1.582s] DEBUG:colcon.colcon_core.event_handler.log_command:Invoking command in '/home/chethan/Desktop/MajorProject/mirs/build/mirs_description': CMAKE_PREFIX_PATH=${CMAKE_PREFIX_PATH}:/home/chethan/Desktop/MajorProject/mirs/install/mirs_system:/home/chethan/Desktop/MajorProject/mirs/install/mirs_controller:/opt/ros/humble /usr/bin/cmake --install /home/chethan/Desktop/MajorProject/mirs/build/mirs_description
[1.733s] Level 1:colcon.colcon_core.environment:create_environment_scripts_only(mirs_description)
[1.734s] DEBUG:colcon.colcon_core.event_handler.log_command:Invoked command in '/home/chethan/Desktop/MajorProject/mirs/build/mirs_description' returned '0': CMAKE_PREFIX_PATH=${CMAKE_PREFIX_PATH}:/home/chethan/Desktop/MajorProject/mirs/install/mirs_system:/home/chethan/Desktop/MajorProject/mirs/install/mirs_controller:/opt/ros/humble /usr/bin/cmake --install /home/chethan/Desktop/MajorProject/mirs/build/mirs_description
[1.738s] Level 1:colcon.colcon_core.environment:checking '/home/chethan/Desktop/MajorProject/mirs/install/mirs_description' for CMake module files
[1.738s] Level 1:colcon.colcon_core.environment:checking '/home/chethan/Desktop/MajorProject/mirs/install/mirs_description' for CMake config files
[1.739s] Level 1:colcon.colcon_core.shell:create_environment_hook('mirs_description', 'cmake_prefix_path')
[1.740s] INFO:colcon.colcon_core.shell:Creating environment hook '/home/chethan/Desktop/MajorProject/mirs/install/mirs_description/share/mirs_description/hook/cmake_prefix_path.ps1'
[1.741s] INFO:colcon.colcon_core.shell:Creating environment descriptor '/home/chethan/Desktop/MajorProject/mirs/install/mirs_description/share/mirs_description/hook/cmake_prefix_path.dsv'
[1.741s] INFO:colcon.colcon_core.shell:Creating environment hook '/home/chethan/Desktop/MajorProject/mirs/install/mirs_description/share/mirs_description/hook/cmake_prefix_path.sh'
[1.742s] Level 1:colcon.colcon_core.environment:checking '/home/chethan/Desktop/MajorProject/mirs/install/mirs_description/bin'
[1.742s] Level 1:colcon.colcon_core.environment:checking '/home/chethan/Desktop/MajorProject/mirs/install/mirs_description/lib/pkgconfig/mirs_description.pc'
[1.744s] Level 1:colcon.colcon_core.environment:checking '/home/chethan/Desktop/MajorProject/mirs/install/mirs_description/lib/python3.10/site-packages'
[1.744s] Level 1:colcon.colcon_core.environment:checking '/home/chethan/Desktop/MajorProject/mirs/install/mirs_description/bin'
[1.746s] INFO:colcon.colcon_core.shell:Creating package script '/home/chethan/Desktop/MajorProject/mirs/install/mirs_description/share/mirs_description/package.ps1'
[1.748s] INFO:colcon.colcon_core.shell:Creating package descriptor '/home/chethan/Desktop/MajorProject/mirs/install/mirs_description/share/mirs_description/package.dsv'
[1.749s] INFO:colcon.colcon_core.shell:Creating package script '/home/chethan/Desktop/MajorProject/mirs/install/mirs_description/share/mirs_description/package.sh'
[1.750s] INFO:colcon.colcon_core.shell:Creating package script '/home/chethan/Desktop/MajorProject/mirs/install/mirs_description/share/mirs_description/package.bash'
[1.750s] INFO:colcon.colcon_core.shell:Creating package script '/home/chethan/Desktop/MajorProject/mirs/install/mirs_description/share/mirs_description/package.zsh'
[1.751s] Level 1:colcon.colcon_core.environment:create_file_with_runtime_dependencies(/home/chethan/Desktop/MajorProject/mirs/install/mirs_description/share/colcon-core/packages/mirs_description)
[1.778s] Level 1:colcon.colcon_core.environment:create_environment_scripts_only(mirs_description)
[1.780s] Level 1:colcon.colcon_core.environment:checking '/home/chethan/Desktop/MajorProject/mirs/install/mirs_description' for CMake module files
[1.781s] Level 1:colcon.colcon_core.environment:checking '/home/chethan/Desktop/MajorProject/mirs/install/mirs_description' for CMake config files
[1.781s] Level 1:colcon.colcon_core.shell:create_environment_hook('mirs_description', 'cmake_prefix_path')
[1.783s] INFO:colcon.colcon_core.shell:Creating environment hook '/home/chethan/Desktop/MajorProject/mirs/install/mirs_description/share/mirs_description/hook/cmake_prefix_path.ps1'
[1.783s] INFO:colcon.colcon_core.shell:Creating environment descriptor '/home/chethan/Desktop/MajorProject/mirs/install/mirs_description/share/mirs_description/hook/cmake_prefix_path.dsv'
[1.784s] INFO:colcon.colcon_core.shell:Creating environment hook '/home/chethan/Desktop/MajorProject/mirs/install/mirs_description/share/mirs_description/hook/cmake_prefix_path.sh'
[1.784s] Level 1:colcon.colcon_core.environment:checking '/home/chethan/Desktop/MajorProject/mirs/install/mirs_description/bin'
[1.784s] Level 1:colcon.colcon_core.environment:checking '/home/chethan/Desktop/MajorProject/mirs/install/mirs_description/lib/pkgconfig/mirs_description.pc'
[1.785s] Level 1:colcon.colcon_core.environment:checking '/home/chethan/Desktop/MajorProject/mirs/install/mirs_description/lib/python3.10/site-packages'
[1.785s] Level 1:colcon.colcon_core.environment:checking '/home/chethan/Desktop/MajorProject/mirs/install/mirs_description/bin'
[1.786s] INFO:colcon.colcon_core.shell:Creating package script '/home/chethan/Desktop/MajorProject/mirs/install/mirs_description/share/mirs_description/package.ps1'
[1.787s] INFO:colcon.colcon_core.shell:Creating package descriptor '/home/chethan/Desktop/MajorProject/mirs/install/mirs_description/share/mirs_description/package.dsv'
[1.787s] INFO:colcon.colcon_core.shell:Creating package script '/home/chethan/Desktop/MajorProject/mirs/install/mirs_description/share/mirs_description/package.sh'
[1.788s] INFO:colcon.colcon_core.shell:Creating package script '/home/chethan/Desktop/MajorProject/mirs/install/mirs_description/share/mirs_description/package.bash'
[1.788s] INFO:colcon.colcon_core.shell:Creating package script '/home/chethan/Desktop/MajorProject/mirs/install/mirs_description/share/mirs_description/package.zsh'
[1.789s] Level 1:colcon.colcon_core.environment:create_file_with_runtime_dependencies(/home/chethan/Desktop/MajorProject/mirs/install/mirs_description/share/colcon-core/packages/mirs_description)
[1.790s] DEBUG:colcon.colcon_parallel_executor.executor.parallel:closing loop
[1.790s] DEBUG:colcon.colcon_parallel_executor.executor.parallel:loop closed
[1.790s] DEBUG:colcon.colcon_parallel_executor.executor.parallel:run_until_complete finished with '0'
[1.790s] DEBUG:colcon.colcon_core.event_reactor:joining thread
[1.802s] INFO:colcon.colcon_core.plugin_system:Skipping extension 'colcon_notification.desktop_notification.terminal_notifier': Not used on non-Darwin systems
[1.802s] INFO:colcon.colcon_core.plugin_system:Skipping extension 'colcon_notification.desktop_notification.win32': Not used on non-Windows systems
[1.802s] INFO:colcon.colcon_notification.desktop_notification:Sending desktop notification using 'notify2'
[1.832s] DEBUG:colcon.colcon_core.event_reactor:joined thread
[1.833s] INFO:colcon.colcon_core.shell:Creating prefix script '/home/chethan/Desktop/MajorProject/mirs/install/local_setup.ps1'
[1.835s] INFO:colcon.colcon_core.shell:Creating prefix util module '/home/chethan/Desktop/MajorProject/mirs/install/_local_setup_util_ps1.py'
[1.837s] INFO:colcon.colcon_core.shell:Creating prefix chain script '/home/chethan/Desktop/MajorProject/mirs/install/setup.ps1'
[1.839s] INFO:colcon.colcon_core.shell:Creating prefix script '/home/chethan/Desktop/MajorProject/mirs/install/local_setup.sh'
[1.840s] INFO:colcon.colcon_core.shell:Creating prefix util module '/home/chethan/Desktop/MajorProject/mirs/install/_local_setup_util_sh.py'
[1.841s] INFO:colcon.colcon_core.shell:Creating prefix chain script '/home/chethan/Desktop/MajorProject/mirs/install/setup.sh'
[1.844s] INFO:colcon.colcon_core.shell:Creating prefix script '/home/chethan/Desktop/MajorProject/mirs/install/local_setup.bash'
[1.846s] INFO:colcon.colcon_core.shell:Creating prefix chain script '/home/chethan/Desktop/MajorProject/mirs/install/setup.bash'
[1.848s] INFO:colcon.colcon_core.shell:Creating prefix script '/home/chethan/Desktop/MajorProject/mirs/install/local_setup.zsh'
[1.849s] INFO:colcon.colcon_core.shell:Creating prefix chain script '/home/chethan/Desktop/MajorProject/mirs/install/setup.zsh'
