[0.074s] Invoking command in '/home/chethan/Desktop/MajorProject/software/mirs/build/mirs_robot_description': CMAKE_PREFIX_PATH=/opt/ros/humble /usr/bin/cmake /home/chethan/Desktop/MajorProject/software/mirs/src/mirs_robot_description -DCMAKE_INSTALL_PREFIX=/home/chethan/Desktop/MajorProject/software/mirs/install/mirs_robot_description
[0.104s] -- Found ament_cmake: 1.3.3 (/opt/ros/humble/share/ament_cmake/cmake)
[0.299s] -- Override CMake install command with custom implementation using symlinks instead of copying resources
[0.345s] -- Found ament_lint_auto: 0.12.5 (/opt/ros/humble/share/ament_lint_auto/cmake)
[0.748s] -- Added test 'flake8' to check Python code syntax and style conventions
[0.791s] -- Added test 'lint_cmake' to check CMake code style
[0.817s] -- Added test 'pep257' to check Python code against some of the docstring style conventions in PEP 257
[1.048s] -- Added test 'xmllint' to check XML markup files
[1.079s] -- Configuring done
[1.210s] -- Generating done
[1.263s] -- Build files have been written to: /home/chethan/Desktop/MajorProject/software/mirs/build/mirs_robot_description
[1.264s] Invoked command in '/home/chethan/Desktop/MajorProject/software/mirs/build/mirs_robot_description' returned '0': CMAKE_PREFIX_PATH=/opt/ros/humble /usr/bin/cmake /home/chethan/Desktop/MajorProject/software/mirs/src/mirs_robot_description -DCMAKE_INSTALL_PREFIX=/home/chethan/Desktop/MajorProject/software/mirs/install/mirs_robot_description
[1.270s] Invoking command in '/home/chethan/Desktop/MajorProject/software/mirs/build/mirs_robot_description': CMAKE_PREFIX_PATH=/opt/ros/humble /usr/bin/cmake --build /home/chethan/Desktop/MajorProject/software/mirs/build/mirs_robot_description -- -j4 -l4
[1.328s] Invoked command in '/home/chethan/Desktop/MajorProject/software/mirs/build/mirs_robot_description' returned '0': CMAKE_PREFIX_PATH=/opt/ros/humble /usr/bin/cmake --build /home/chethan/Desktop/MajorProject/software/mirs/build/mirs_robot_description -- -j4 -l4
[1.379s] Invoking command in '/home/chethan/Desktop/MajorProject/software/mirs/build/mirs_robot_description': CMAKE_PREFIX_PATH=/opt/ros/humble /usr/bin/cmake --install /home/chethan/Desktop/MajorProject/software/mirs/build/mirs_robot_description
[1.390s] -- Install configuration: ""
[1.407s] -- Execute custom install script
[1.419s] -- Symlinking: /home/chethan/Desktop/MajorProject/software/mirs/install/mirs_robot_description/share/mirs_robot_description/launch/controller.launch
[1.429s] CMake Error: failed to create symbolic link '/home/chethan/Desktop/MajorProject/software/mirs/install/mirs_robot_description/share/mirs_robot_description/launch/controller.launch': Operation not permitted
[1.432s] [31mCMake Error at ament_cmake_symlink_install/ament_cmake_symlink_install.cmake:302 (message):
[1.433s]   Could not create symlink
[1.433s]   '/home/chethan/Desktop/MajorProject/software/mirs/install/mirs_robot_description/share/mirs_robot_description/launch/controller.launch'
[1.434s]   pointing to
[1.434s]   '/home/chethan/Desktop/MajorProject/software/mirs/src/mirs_robot_description/launch/controller.launch'
[1.435s] Call Stack (most recent call first):
[1.435s]   ament_cmake_symlink_install/ament_cmake_symlink_install.cmake:96 (_ament_cmake_symlink_install_create_symlink)
[1.436s]   ament_cmake_symlink_install/ament_cmake_symlink_install.cmake:314 (ament_cmake_symlink_install_directory)
[1.436s]   cmake_install.cmake:46 (include)
[1.436s] 
[1.437s] [0m
[1.438s] Invoked command in '/home/chethan/Desktop/MajorProject/software/mirs/build/mirs_robot_description' returned '1': CMAKE_PREFIX_PATH=/opt/ros/humble /usr/bin/cmake --install /home/chethan/Desktop/MajorProject/software/mirs/build/mirs_robot_description
