[0.063s] Invoking command in '/home/chethan/Desktop/MajorProject/software/mirs/build/mirs_robot_description': /usr/bin/cmake /home/chethan/Desktop/MajorProject/software/mirs/src/mirs_robot_description -DCMAKE_INSTALL_PREFIX=/home/chethan/Desktop/MajorProject/software/mirs/install/mirs_robot_description
[0.103s] -- Found ament_cmake: 1.3.3 (/opt/ros/humble/share/ament_cmake/cmake)
[0.380s] Traceback (most recent call last):
[0.384s]   File "/opt/ros/humble/share/ament_cmake_core/cmake/package_templates/templates_2_cmake.py", line 21, in <module>
[0.387s]     from ament_package.templates import get_environment_hook_template_path
[0.389s] ModuleNotFoundError: No module named 'ament_package'
[0.412s] [31mCMake Error at /opt/ros/humble/share/ament_cmake_core/cmake/ament_cmake_package_templates-extras.cmake:41 (message):
[0.415s]   execute_process(/usr/bin/python3.10
[0.419s]   /opt/ros/humble/share/ament_cmake_core/cmake/package_templates/templates_2_cmake.py
[0.423s]   /home/chethan/Desktop/MajorProject/software/mirs/build/mirs_robot_description/ament_cmake_package_templates/templates.cmake)
[0.426s]   returned error code 1
[0.439s] Call Stack (most recent call first):
[0.445s]   /opt/ros/humble/share/ament_cmake_core/cmake/ament_cmake_coreConfig.cmake:41 (include)
[0.453s]   /opt/ros/humble/share/ament_cmake/cmake/ament_cmake_export_dependencies-extras.cmake:15 (find_package)
[0.456s]   /opt/ros/humble/share/ament_cmake/cmake/ament_cmakeConfig.cmake:41 (include)
[0.459s]   CMakeLists.txt:9 (find_package)
[0.463s] 
[0.464s] [0m
[0.464s] -- Configuring incomplete, errors occurred!
[0.466s] See also "/home/chethan/Desktop/MajorProject/software/mirs/build/mirs_robot_description/CMakeFiles/CMakeOutput.log".
[0.488s] Invoked command in '/home/chethan/Desktop/MajorProject/software/mirs/build/mirs_robot_description' returned '1': /usr/bin/cmake /home/chethan/Desktop/MajorProject/software/mirs/src/mirs_robot_description -DCMAKE_INSTALL_PREFIX=/home/chethan/Desktop/MajorProject/software/mirs/install/mirs_robot_description
