[0.067s] Invoking command in '/home/chethan/Desktop/MajorProject/software/mirs/src/build/mirs_robot_description': CMAKE_PREFIX_PATH=/opt/ros/humble /usr/bin/cmake /home/chethan/Desktop/MajorProject/software/mirs/src/mirs_robot_description -DCMAKE_INSTALL_PREFIX=/home/chethan/Desktop/MajorProject/software/mirs/src/install/mirs_robot_description
[0.451s] -- The C compiler identification is GNU 11.3.0
[0.874s] -- The CXX compiler identification is GNU 11.3.0
[0.970s] -- Detecting C compiler ABI info
[2.900s] -- Detecting C compiler ABI info - done
[2.987s] -- Check for working C compiler: /usr/bin/cc - skipped
[2.988s] -- Detecting C compile features
[2.989s] -- Detecting C compile features - done
[3.155s] -- Detecting CXX compiler ABI info
[5.073s] -- Detecting CXX compiler ABI info - done
[5.121s] -- Check for working CXX compiler: /usr/bin/c++ - skipped
[5.129s] -- Detecting CXX compile features
[5.134s] -- Detecting CXX compile features - done
[5.250s] -- Found ament_cmake: 1.3.3 (/opt/ros/humble/share/ament_cmake/cmake)
[5.562s] -- Found Python3: /usr/bin/python3.10 (found version "3.10.6") found components: Interpreter 
[5.830s] -- Found ament_lint_auto: 0.12.5 (/opt/ros/humble/share/ament_lint_auto/cmake)
[7.029s] -- Added test 'flake8' to check Python code syntax and style conventions
[7.116s] -- Added test 'lint_cmake' to check CMake code style
[7.226s] -- Added test 'pep257' to check Python code against some of the docstring style conventions in PEP 257
[7.692s] -- Added test 'xmllint' to check XML markup files
[7.858s] -- Configuring done
[8.362s] -- Generating done
[8.587s] -- Build files have been written to: /home/chethan/Desktop/MajorProject/software/mirs/src/build/mirs_robot_description
[8.600s] Invoked command in '/home/chethan/Desktop/MajorProject/software/mirs/src/build/mirs_robot_description' returned '0': CMAKE_PREFIX_PATH=/opt/ros/humble /usr/bin/cmake /home/chethan/Desktop/MajorProject/software/mirs/src/mirs_robot_description -DCMAKE_INSTALL_PREFIX=/home/chethan/Desktop/MajorProject/software/mirs/src/install/mirs_robot_description
[8.626s] Invoking command in '/home/chethan/Desktop/MajorProject/software/mirs/src/build/mirs_robot_description': CMAKE_PREFIX_PATH=/opt/ros/humble /usr/bin/cmake --build /home/chethan/Desktop/MajorProject/software/mirs/src/build/mirs_robot_description -- -j4 -l4
[8.923s] Invoked command in '/home/chethan/Desktop/MajorProject/software/mirs/src/build/mirs_robot_description' returned '0': CMAKE_PREFIX_PATH=/opt/ros/humble /usr/bin/cmake --build /home/chethan/Desktop/MajorProject/software/mirs/src/build/mirs_robot_description -- -j4 -l4
[9.083s] Invoking command in '/home/chethan/Desktop/MajorProject/software/mirs/src/build/mirs_robot_description': CMAKE_PREFIX_PATH=/opt/ros/humble /usr/bin/cmake --install /home/chethan/Desktop/MajorProject/software/mirs/src/build/mirs_robot_description
[9.118s] -- Install configuration: ""
[9.133s] -- Installing: /home/chethan/Desktop/MajorProject/software/mirs/src/install/mirs_robot_description/share/mirs_robot_description/launch
[9.231s] -- Installing: /home/chethan/Desktop/MajorProject/software/mirs/src/install/mirs_robot_description/share/mirs_robot_description/launch/controller.launch
[9.321s] -- Installing: /home/chethan/Desktop/MajorProject/software/mirs/src/install/mirs_robot_description/share/mirs_robot_description/launch/controller.yaml
[9.402s] -- Installing: /home/chethan/Desktop/MajorProject/software/mirs/src/install/mirs_robot_description/share/mirs_robot_description/launch/display.launch
[9.475s] -- Installing: /home/chethan/Desktop/MajorProject/software/mirs/src/install/mirs_robot_description/share/mirs_robot_description/launch/gazebo.launch
[9.578s] -- Installing: /home/chethan/Desktop/MajorProject/software/mirs/src/install/mirs_robot_description/share/mirs_robot_description/launch/robot.launch.py
[9.711s] -- Installing: /home/chethan/Desktop/MajorProject/software/mirs/src/install/mirs_robot_description/share/mirs_robot_description/launch/robot_sim.launch.py
[9.780s] -- Installing: /home/chethan/Desktop/MajorProject/software/mirs/src/install/mirs_robot_description/share/mirs_robot_description/urdf
[9.803s] -- Installing: /home/chethan/Desktop/MajorProject/software/mirs/src/install/mirs_robot_description/share/mirs_robot_description/urdf/gazebo.xacro
[9.842s] -- Installing: /home/chethan/Desktop/MajorProject/software/mirs/src/install/mirs_robot_description/share/mirs_robot_description/urdf/materials.xacro
[9.885s] -- Installing: /home/chethan/Desktop/MajorProject/software/mirs/src/install/mirs_robot_description/share/mirs_robot_description/urdf/robot.trans
[9.915s] -- Installing: /home/chethan/Desktop/MajorProject/software/mirs/src/install/mirs_robot_description/share/mirs_robot_description/urdf/robot.xacro
[9.937s] -- Installing: /home/chethan/Desktop/MajorProject/software/mirs/src/install/mirs_robot_description/share/mirs_robot_description/meshes
[9.948s] -- Installing: /home/chethan/Desktop/MajorProject/software/mirs/src/install/mirs_robot_description/share/mirs_robot_description/meshes/base_link.stl
[10.130s] -- Installing: /home/chethan/Desktop/MajorProject/software/mirs/src/install/mirs_robot_description/share/mirs_robot_description/meshes/Link_1.stl
[10.353s] -- Installing: /home/chethan/Desktop/MajorProject/software/mirs/src/install/mirs_robot_description/share/mirs_robot_description/meshes/Link_2.stl
[10.643s] -- Installing: /home/chethan/Desktop/MajorProject/software/mirs/src/install/mirs_robot_description/share/mirs_robot_description/meshes/Link_3.stl
[11.019s] -- Installing: /home/chethan/Desktop/MajorProject/software/mirs/src/install/mirs_robot_description/share/mirs_robot_description/meshes/Link_4.stl
[11.210s] -- Installing: /home/chethan/Desktop/MajorProject/software/mirs/src/install/mirs_robot_description/share/mirs_robot_description/meshes/Link_5.stl
[11.446s] -- Installing: /home/chethan/Desktop/MajorProject/software/mirs/src/install/mirs_robot_description/share/ament_index/resource_index/package_run_dependencies/mirs_robot_description
[11.494s] -- Installing: /home/chethan/Desktop/MajorProject/software/mirs/src/install/mirs_robot_description/share/ament_index/resource_index/parent_prefix_path/mirs_robot_description
[11.578s] -- Installing: /home/chethan/Desktop/MajorProject/software/mirs/src/install/mirs_robot_description/share/mirs_robot_description/environment/ament_prefix_path.sh
[11.650s] -- Installing: /home/chethan/Desktop/MajorProject/software/mirs/src/install/mirs_robot_description/share/mirs_robot_description/environment/ament_prefix_path.dsv
[11.728s] -- Installing: /home/chethan/Desktop/MajorProject/software/mirs/src/install/mirs_robot_description/share/mirs_robot_description/environment/path.sh
[11.794s] -- Installing: /home/chethan/Desktop/MajorProject/software/mirs/src/install/mirs_robot_description/share/mirs_robot_description/environment/path.dsv
[11.833s] -- Installing: /home/chethan/Desktop/MajorProject/software/mirs/src/install/mirs_robot_description/share/mirs_robot_description/local_setup.bash
[11.876s] -- Installing: /home/chethan/Desktop/MajorProject/software/mirs/src/install/mirs_robot_description/share/mirs_robot_description/local_setup.sh
[11.933s] -- Installing: /home/chethan/Desktop/MajorProject/software/mirs/src/install/mirs_robot_description/share/mirs_robot_description/local_setup.zsh
[11.978s] -- Installing: /home/chethan/Desktop/MajorProject/software/mirs/src/install/mirs_robot_description/share/mirs_robot_description/local_setup.dsv
[12.036s] -- Installing: /home/chethan/Desktop/MajorProject/software/mirs/src/install/mirs_robot_description/share/mirs_robot_description/package.dsv
[12.133s] -- Installing: /home/chethan/Desktop/MajorProject/software/mirs/src/install/mirs_robot_description/share/ament_index/resource_index/packages/mirs_robot_description
[12.190s] -- Installing: /home/chethan/Desktop/MajorProject/software/mirs/src/install/mirs_robot_description/share/mirs_robot_description/cmake/mirs_robot_descriptionConfig.cmake
[12.242s] -- Installing: /home/chethan/Desktop/MajorProject/software/mirs/src/install/mirs_robot_description/share/mirs_robot_description/cmake/mirs_robot_descriptionConfig-version.cmake
[12.308s] -- Installing: /home/chethan/Desktop/MajorProject/software/mirs/src/install/mirs_robot_description/share/mirs_robot_description/package.xml
[12.371s] Invoked command in '/home/chethan/Desktop/MajorProject/software/mirs/src/build/mirs_robot_description' returned '0': CMAKE_PREFIX_PATH=/opt/ros/humble /usr/bin/cmake --install /home/chethan/Desktop/MajorProject/software/mirs/src/build/mirs_robot_description
