-- Install configuration: ""
-- Up-to-date: /home/chethan/Desktop/MajorProject/mirs/install/mirs_description/share/mirs_description/src
-- Up-to-date: /home/chethan/Desktop/MajorProject/mirs/install/mirs_description/share/mirs_description/src/meshes
-- Up-to-date: /home/chethan/Desktop/MajorProject/mirs/install/mirs_description/share/mirs_description/src/meshes/Link_5.stl
-- Up-to-date: /home/chethan/Desktop/MajorProject/mirs/install/mirs_description/share/mirs_description/src/meshes/Link_1.stl
-- Up-to-date: /home/chethan/Desktop/MajorProject/mirs/install/mirs_description/share/mirs_description/src/meshes/Link_2.stl
-- Up-to-date: /home/chethan/Desktop/MajorProject/mirs/install/mirs_description/share/mirs_description/src/meshes/Link_3.stl
-- Up-to-date: /home/chethan/Desktop/MajorProject/mirs/install/mirs_description/share/mirs_description/src/meshes/base_link.stl
-- Up-to-date: /home/chethan/Desktop/MajorProject/mirs/install/mirs_description/share/mirs_description/src/meshes/Link_4.stl
-- Up-to-date: /home/chethan/Desktop/MajorProject/mirs/install/mirs_description/share/mirs_description/src/description
-- Installing: /home/chethan/Desktop/MajorProject/mirs/install/mirs_description/share/mirs_description/src/description/gazebo.xacro
-- Installing: /home/chethan/Desktop/MajorProject/mirs/install/mirs_description/share/mirs_description/src/description/materials.xacro
-- Installing: /home/chethan/Desktop/MajorProject/mirs/install/mirs_description/share/mirs_description/src/description/mirs_description.urdf
-- Up-to-date: /home/chethan/Desktop/MajorProject/mirs/install/mirs_description/share/mirs_description/src/description/mirs_description.trans
-- Up-to-date: /home/chethan/Desktop/MajorProject/mirs/install/mirs_description/share/mirs_description/launch
-- Up-to-date: /home/chethan/Desktop/MajorProject/mirs/install/mirs_description/share/mirs_description/launch/display.launch
-- Up-to-date: /home/chethan/Desktop/MajorProject/mirs/install/mirs_description/share/mirs_description/launch/controller.yaml
-- Up-to-date: /home/chethan/Desktop/MajorProject/mirs/install/mirs_description/share/mirs_description/launch/robot.launch.py
-- Up-to-date: /home/chethan/Desktop/MajorProject/mirs/install/mirs_description/share/mirs_description/launch/robot_sim.launch.py
-- Up-to-date: /home/chethan/Desktop/MajorProject/mirs/install/mirs_description/share/mirs_description/launch/gazebo.launch
-- Up-to-date: /home/chethan/Desktop/MajorProject/mirs/install/mirs_description/share/mirs_description/launch/display.launch.py
-- Installing: /home/chethan/Desktop/MajorProject/mirs/install/mirs_description/share/mirs_description/launch/mirs.launch.py
-- Up-to-date: /home/chethan/Desktop/MajorProject/mirs/install/mirs_description/share/mirs_description/launch/controller.launch
-- Up-to-date: /home/chethan/Desktop/MajorProject/mirs/install/mirs_description/share/mirs_description/rviz
-- Installing: /home/chethan/Desktop/MajorProject/mirs/install/mirs_description/share/mirs_description/rviz/urdf_config.rviz
-- Up-to-date: /home/chethan/Desktop/MajorProject/mirs/install/mirs_description/share/ament_index/resource_index/package_run_dependencies/mirs_description
-- Up-to-date: /home/chethan/Desktop/MajorProject/mirs/install/mirs_description/share/ament_index/resource_index/parent_prefix_path/mirs_description
-- Up-to-date: /home/chethan/Desktop/MajorProject/mirs/install/mirs_description/share/mirs_description/environment/ament_prefix_path.sh
-- Up-to-date: /home/chethan/Desktop/MajorProject/mirs/install/mirs_description/share/mirs_description/environment/ament_prefix_path.dsv
-- Up-to-date: /home/chethan/Desktop/MajorProject/mirs/install/mirs_description/share/mirs_description/environment/path.sh
-- Up-to-date: /home/chethan/Desktop/MajorProject/mirs/install/mirs_description/share/mirs_description/environment/path.dsv
-- Up-to-date: /home/chethan/Desktop/MajorProject/mirs/install/mirs_description/share/mirs_description/local_setup.bash
-- Up-to-date: /home/chethan/Desktop/MajorProject/mirs/install/mirs_description/share/mirs_description/local_setup.sh
-- Up-to-date: /home/chethan/Desktop/MajorProject/mirs/install/mirs_description/share/mirs_description/local_setup.zsh
-- Up-to-date: /home/chethan/Desktop/MajorProject/mirs/install/mirs_description/share/mirs_description/local_setup.dsv
-- Installing: /home/chethan/Desktop/MajorProject/mirs/install/mirs_description/share/mirs_description/package.dsv
-- Up-to-date: /home/chethan/Desktop/MajorProject/mirs/install/mirs_description/share/ament_index/resource_index/packages/mirs_description
-- Up-to-date: /home/chethan/Desktop/MajorProject/mirs/install/mirs_description/share/mirs_description/cmake/mirs_descriptionConfig.cmake
-- Up-to-date: /home/chethan/Desktop/MajorProject/mirs/install/mirs_description/share/mirs_description/cmake/mirs_descriptionConfig-version.cmake
-- Up-to-date: /home/chethan/Desktop/MajorProject/mirs/install/mirs_description/share/mirs_description/package.xml
