[0.061s] Invoking command in '/home/chethan/Desktop/MajorProject/mirs/build/mirs_description': CMAKE_PREFIX_PATH=${CMAKE_PREFIX_PATH}:/opt/ros/humble /usr/bin/cmake --build /home/chethan/Desktop/MajorProject/mirs/build/mirs_description -- -j4 -l4
[0.305s] Invoked command in '/home/chethan/Desktop/MajorProject/mirs/build/mirs_description' returned '0': CMAKE_PREFIX_PATH=${CMAKE_PREFIX_PATH}:/opt/ros/humble /usr/bin/cmake --build /home/chethan/Desktop/MajorProject/mirs/build/mirs_description -- -j4 -l4
[0.355s] Invoking command in '/home/chethan/Desktop/MajorProject/mirs/build/mirs_description': CMAKE_PREFIX_PATH=${CMAKE_PREFIX_PATH}:/opt/ros/humble /usr/bin/cmake --install /home/chethan/Desktop/MajorProject/mirs/build/mirs_description
[0.376s] -- Install configuration: ""
[0.377s] -- Up-to-date: /home/chethan/Desktop/MajorProject/mirs/install/mirs_description/share/mirs_description/src
[0.377s] -- Up-to-date: /home/chethan/Desktop/MajorProject/mirs/install/mirs_description/share/mirs_description/src/meshes
[0.378s] -- Up-to-date: /home/chethan/Desktop/MajorProject/mirs/install/mirs_description/share/mirs_description/src/meshes/Link_5.stl
[0.378s] -- Up-to-date: /home/chethan/Desktop/MajorProject/mirs/install/mirs_description/share/mirs_description/src/meshes/Link_1.stl
[0.379s] -- Up-to-date: /home/chethan/Desktop/MajorProject/mirs/install/mirs_description/share/mirs_description/src/meshes/Link_2.stl
[0.379s] -- Up-to-date: /home/chethan/Desktop/MajorProject/mirs/install/mirs_description/share/mirs_description/src/meshes/Link_3.stl
[0.379s] -- Up-to-date: /home/chethan/Desktop/MajorProject/mirs/install/mirs_description/share/mirs_description/src/meshes/base_link.stl
[0.379s] -- Up-to-date: /home/chethan/Desktop/MajorProject/mirs/install/mirs_description/share/mirs_description/src/meshes/Link_4.stl
[0.380s] -- Up-to-date: /home/chethan/Desktop/MajorProject/mirs/install/mirs_description/share/mirs_description/src/description
[0.384s] -- Installing: /home/chethan/Desktop/MajorProject/mirs/install/mirs_description/share/mirs_description/src/description/gazebo.xacro
[0.386s] -- Installing: /home/chethan/Desktop/MajorProject/mirs/install/mirs_description/share/mirs_description/src/description/materials.xacro
[0.387s] -- Installing: /home/chethan/Desktop/MajorProject/mirs/install/mirs_description/share/mirs_description/src/description/mirs_description.urdf
[0.391s] -- Up-to-date: /home/chethan/Desktop/MajorProject/mirs/install/mirs_description/share/mirs_description/src/description/mirs_description.trans
[0.391s] -- Up-to-date: /home/chethan/Desktop/MajorProject/mirs/install/mirs_description/share/mirs_description/launch
[0.393s] -- Up-to-date: /home/chethan/Desktop/MajorProject/mirs/install/mirs_description/share/mirs_description/launch/display.launch
[0.394s] -- Up-to-date: /home/chethan/Desktop/MajorProject/mirs/install/mirs_description/share/mirs_description/launch/controller.yaml
[0.394s] -- Up-to-date: /home/chethan/Desktop/MajorProject/mirs/install/mirs_description/share/mirs_description/launch/robot.launch.py
[0.394s] -- Up-to-date: /home/chethan/Desktop/MajorProject/mirs/install/mirs_description/share/mirs_description/launch/robot_sim.launch.py
[0.394s] -- Up-to-date: /home/chethan/Desktop/MajorProject/mirs/install/mirs_description/share/mirs_description/launch/gazebo.launch
[0.394s] -- Up-to-date: /home/chethan/Desktop/MajorProject/mirs/install/mirs_description/share/mirs_description/launch/display.launch.py
[0.394s] -- Installing: /home/chethan/Desktop/MajorProject/mirs/install/mirs_description/share/mirs_description/launch/mirs.launch.py
[0.394s] -- Up-to-date: /home/chethan/Desktop/MajorProject/mirs/install/mirs_description/share/mirs_description/launch/controller.launch
[0.394s] -- Up-to-date: /home/chethan/Desktop/MajorProject/mirs/install/mirs_description/share/mirs_description/rviz
[0.395s] -- Installing: /home/chethan/Desktop/MajorProject/mirs/install/mirs_description/share/mirs_description/rviz/urdf_config.rviz
[0.396s] -- Up-to-date: /home/chethan/Desktop/MajorProject/mirs/install/mirs_description/share/ament_index/resource_index/package_run_dependencies/mirs_description
[0.397s] -- Up-to-date: /home/chethan/Desktop/MajorProject/mirs/install/mirs_description/share/ament_index/resource_index/parent_prefix_path/mirs_description
[0.397s] -- Up-to-date: /home/chethan/Desktop/MajorProject/mirs/install/mirs_description/share/mirs_description/environment/ament_prefix_path.sh
[0.398s] -- Up-to-date: /home/chethan/Desktop/MajorProject/mirs/install/mirs_description/share/mirs_description/environment/ament_prefix_path.dsv
[0.398s] -- Up-to-date: /home/chethan/Desktop/MajorProject/mirs/install/mirs_description/share/mirs_description/environment/path.sh
[0.398s] -- Up-to-date: /home/chethan/Desktop/MajorProject/mirs/install/mirs_description/share/mirs_description/environment/path.dsv
[0.398s] -- Up-to-date: /home/chethan/Desktop/MajorProject/mirs/install/mirs_description/share/mirs_description/local_setup.bash
[0.398s] -- Up-to-date: /home/chethan/Desktop/MajorProject/mirs/install/mirs_description/share/mirs_description/local_setup.sh
[0.399s] -- Up-to-date: /home/chethan/Desktop/MajorProject/mirs/install/mirs_description/share/mirs_description/local_setup.zsh
[0.399s] -- Up-to-date: /home/chethan/Desktop/MajorProject/mirs/install/mirs_description/share/mirs_description/local_setup.dsv
[0.399s] -- Installing: /home/chethan/Desktop/MajorProject/mirs/install/mirs_description/share/mirs_description/package.dsv
[0.399s] -- Up-to-date: /home/chethan/Desktop/MajorProject/mirs/install/mirs_description/share/ament_index/resource_index/packages/mirs_description
[0.404s] -- Up-to-date: /home/chethan/Desktop/MajorProject/mirs/install/mirs_description/share/mirs_description/cmake/mirs_descriptionConfig.cmake
[0.404s] -- Up-to-date: /home/chethan/Desktop/MajorProject/mirs/install/mirs_description/share/mirs_description/cmake/mirs_descriptionConfig-version.cmake
[0.404s] -- Up-to-date: /home/chethan/Desktop/MajorProject/mirs/install/mirs_description/share/mirs_description/package.xml
[0.407s] Invoked command in '/home/chethan/Desktop/MajorProject/mirs/build/mirs_description' returned '0': CMAKE_PREFIX_PATH=${CMAKE_PREFIX_PATH}:/opt/ros/humble /usr/bin/cmake --install /home/chethan/Desktop/MajorProject/mirs/build/mirs_description
